Added Component: Designator=C11(CAP 6.3MMx5.4MM)
Added Component: Designator=C26(CAP 6.3MMx5.4MM)
Added Component: Designator=U9(BUZZ_23mm)
Add component (AddParameter): Name = "Category"; Value = ""; VariantName = "[No Variations]"
Add component (AddParameter): Name = "CompanyID"; Value = ""; VariantName = "[No Variations]"
Add component (AddParameter): Name = "MFR"; Value = ""; VariantName = "[No Variations]"
Add component (AddParameter): Name = "MFR_URL"; Value = ""; VariantName = "[No Variations]"
Add component (AddParameter): Name = "MPN"; Value = ""; VariantName = "[No Variations]"
Add component (AddParameter): Name = "PinCount"; Value = ""; VariantName = "[No Variations]"
Add component (AddParameter): Name = "Solder"; Value = ""; VariantName = "[No Variations]"
Add component (AddParameter): Name = "Value"; Value = ""; VariantName = "[No Variations]"
Added Pin To Net: NetName=+VCC_12V Pin=C11-1
Added Pin To Net: NetName=GND Pin=C11-2
Added Pin To Net: NetName=+VCC_12V Pin=C26-1
Added Pin To Net: NetName=GND Pin=C26-2
Added Pin To Net: NetName=VCC_5V_DC Pin=U9-1
Added Pin To Net: NetName=NetQ5_3 Pin=U9-2
Added Member To Class: ClassName=U_MCU_Sheet Member=Component C11 100uF/16V
Added Member To Class: ClassName=U_MCU_Sheet Member=Component C26 100uF/16V
Added Member To Class: ClassName=U_MCU_Sheet Member=Component U9 2310
Added Room: Name=U_Comm_Sheet
Added Room: Name=U_MCU_Sheet
Added Room: Name=U_Power_Sheet
Added Room: Name=U_Sensors_Sheet
