Removed Pin From Net: NetName=NetR7_1 Pin=U4-14
Removed Pin From Net: NetName=NetU4_11 Pin=U12-2
Removed Pin From Net: NetName=NetU4_11 Pin=U14-2
Added Component: Designator=BT1(BAT_CR-1220/FCN)
Add component (AddParameter): Name = "Availability"; Value = "In Stock"; VariantName = "[No Variations]"
Add component (AddParameter): Name = "Check_prices"; Value = "https://www.snapeda.com/parts/CR-1220/FCN/Panasonic%20-%20BSG/view-part/493674/?ref=eda"; VariantName = "[No Variations]"
Add component (AddParameter): Name = "MF"; Value = "Panasonic -"; VariantName = "[No Variations]"
Add component (AddParameter): Name = "MP"; Value = "CR-1220/FCN"; VariantName = "[No Variations]"
Add component (AddParameter): Name = "Package"; Value = "Panasonic -"; VariantName = "[No Variations]"
Add component (AddParameter): Name = "Price"; Value = "None"; VariantName = "[No Variations]"
Add component (AddParameter): Name = "Purchase-URL"; Value = "https://pricing.snapeda.com/search/part/CR-1220/FCN/?ref=eda"; VariantName = "[No Variations]"
Add component (AddParameter): Name = "SnapEDA_Link"; Value = "https://www.snapeda.com/parts/CR-1220/FCN/Panasonic%20-%20BSG/view-part/493674/?ref=snap"; VariantName = "[No Variations]"
Add component (AddParameter): Name = "Value"; Value = ""; VariantName = "[No Variations]"
Added Pin To Net: NetName=GND Pin=BT1-NEG
Added Pin To Net: NetName=NetBT1_POS Pin=BT1-POS
Added Pin To Net: NetName=NetR7_1 Pin=U4-10
Added Pin To Net: NetName=NetR7_1 Pin=U12-2
Added Pin To Net: NetName=NetU4_14 Pin=U4-14
Added Pin To Net: NetName=NetU4_14 Pin=U14-2
Added Net: Name=NetU4_14
Added Member To Class: ClassName=U_MCU_Sheet Member=Component BT1 CR-1220/FCN
Added Room: Name=U_Comm_Sheet
Added Room: Name=U_MCU_Sheet
Added Room: Name=U_Power_Sheet
Added Room: Name=U_Sensors_Sheet
