Removed Pin From Net: NetName=VCC_3V3_MCU Pin=P4-1
Removed Pin From Net: NetName=VCC_3V3_MCU Pin=P4-5
Removed Pin From Net: NetName=VCC_3V3_MCU Pin=R15-1
Removed Pin From Net: NetName=VCC_3V3_MCU Pin=R16-1
Added Component: Designator=C11(CAP 6.3MMx5.4MM)
Added Component: Designator=C26(CAP 6.3MMx5.4MM)
Added Pin To Net: NetName=+VCC_12V Pin=C11-1
Added Pin To Net: NetName=GND Pin=C11-2
Added Pin To Net: NetName=+VCC_12V Pin=C26-1
Added Pin To Net: NetName=GND Pin=C26-2
Added Pin To Net: NetName=VCC_5V_DC Pin=P4-1
Added Pin To Net: NetName=VCC_5V_DC Pin=P4-5
Added Pin To Net: NetName=VCC_5V_DC Pin=R15-1
Added Pin To Net: NetName=VCC_5V_DC Pin=R16-1
Added Member To Class: ClassName=U_MCU_Sheet Member=Component C11 100uF/16V
Added Member To Class: ClassName=U_MCU_Sheet Member=Component C26 100uF/16V
Added Room: Name=U_Comm_Sheet
Added Room: Name=U_MCU_Sheet
Added Room: Name=U_Power_Sheet
Added Room: Name=U_Sensors_Sheet
