Removed Pin From Net: NetName=GND Pin=C21-1
Removed Pin From Net: NetName=VCC_3V3_MCU Pin=C21-2
Removed Pin From Net: NetName=GND Pin=C22-1
Removed Pin From Net: NetName=VCC_3V3_MCU Pin=C22-2
Removed Pin From Net: NetName=VC_DK Pin=C27-1
Removed Pin From Net: NetName=GND Pin=C27-2
Removed Pin From Net: NetName=VC_DK Pin=C28-1
Removed Pin From Net: NetName=GND Pin=C28-2
Removed Pin From Net: NetName=VC_DK Pin=C30-1
Removed Pin From Net: NetName=GND Pin=C30-2
Removed Pin From Net: NetName=GND Pin=C31-1
Removed Pin From Net: NetName=VC_DK Pin=C31-2
Removed Pin From Net: NetName=VC_DK Pin=C32-1
Removed Pin From Net: NetName=GND Pin=C32-2
Removed Pin From Net: NetName=GND Pin=C33-1
Removed Pin From Net: NetName=VC_DK Pin=C33-2
Removed Pin From Net: NetName=VC_DK Pin=C58-1
Removed Pin From Net: NetName=GND Pin=C58-2
Removed Pin From Net: NetName=VC_DK Pin=D5-K
Removed Pin From Net: NetName=NetD5_A Pin=Q1-3
Removed Pin From Net: NetName=NetQ1_1 Pin=R6-2
Removed Pin From Net: NetName=NetQ2_1 Pin=R7-2
Removed Pin From Net: NetName=NetQ7_1 Pin=R12-2
Removed Pin From Net: NetName=NetJP4_2 Pin=RL1-3
Removed Pin From Net: NetName=NetD5_A Pin=RL1-4
Removed Pin From Net: NetName=NetJP5_2 Pin=RL2-3
Removed Pin From Net: NetName=NetD6_A Pin=RL2-4
Removed Pin From Net: NetName=GND Pin=RL4-1
Removed Pin From Net: NetName=NetJP3_2 Pin=RL4-3
Removed Pin From Net: NetName=NetD10_A Pin=RL4-4
Removed Pin From Net: NetName=VC_DK Pin=RL4-5
Removed Pin From Net: NetName=NetR7_1 Pin=U4-10
Removed Pin From Net: NetName=NetR12_1 Pin=U4-14
Removed Member From Class: ClassName=U_MCU_Sheet Member=C27
Removed Member From Class: ClassName=U_MCU_Sheet Member=C28
Removed Member From Class: ClassName=U_MCU_Sheet Member=C30
Removed Member From Class: ClassName=U_MCU_Sheet Member=C31
Removed Member From Class: ClassName=U_MCU_Sheet Member=C32
Removed Member From Class: ClassName=U_MCU_Sheet Member=C33
Removed Member From Class: ClassName=U_MCU_Sheet Member=C58
Removed Member From Class: ClassName=U_MCU_Sheet Member=RL4
Change Component Footprint: Designator=C21 Old Footprint=CAPC-0603 (1608) New Footprint=CAP 6.3MMx5.4MM
Change Component Footprint: Designator=C22 Old Footprint=CAPC-0603 (1608) New Footprint=CAP 6.3MMx5.4MM
Change Component Comment : Designator=R7 Old Comment=1K New Comment=4K7
Change Component Comment : Designator=R6 Old Comment=1K New Comment=10K
Change Component Comment : Designator=Q1 Old Comment=2SC1815 New Comment=2N222A
Change Component Comment : Designator=C21 Old Comment=100nF New Comment=100uF/16V
Change Component Comment : Designator=C22 Old Comment=100nF New Comment=100uF/16V
Change Component Designator: OldDesignator= NewDesignator=P1
Change Component Designator: OldDesignator= NewDesignator=P5
Change component parameters: Designator = "C21" ("C21"); Footprint = "CAPC-0603 (1608)"; UniqueID = "\ATLDUIUM" ("\ATLDUIUM")
Change component parameters: Designator = "C22" ("C22"); Footprint = "CAPC-0603 (1608)"; UniqueID = "\DRQWVDSQ" ("\DRQWVDSQ")
Added Component: Designator=C2(CAPC-0603 (1608))
Add component (AddParameter): Name = "Category"; Value = "CAPACITOR"; VariantName = "[No Variations]"
Add component (AddParameter): Name = "CompanyID"; Value = ""; VariantName = "[No Variations]"
Add component (AddParameter): Name = "MFR"; Value = ""; VariantName = "[No Variations]"
Add component (AddParameter): Name = "MFR_URL"; Value = ""; VariantName = "[No Variations]"
Add component (AddParameter): Name = "MPN"; Value = ""; VariantName = "[No Variations]"
Add component (AddParameter): Name = "PinCount"; Value = ""; VariantName = "[No Variations]"
Add component (AddParameter): Name = "Solder"; Value = "Not Fill"; VariantName = "[No Variations]"
Add component (AddParameter): Name = "Value"; Value = "NF"; VariantName = "[No Variations]"
Added Component: Designator=C16(CAPC-0603 (1608))
Add component (AddParameter): Name = "Category"; Value = "CAPACITOR"; VariantName = "[No Variations]"
Add component (AddParameter): Name = "CompanyID"; Value = ""; VariantName = "[No Variations]"
Add component (AddParameter): Name = "MFR"; Value = ""; VariantName = "[No Variations]"
Add component (AddParameter): Name = "MFR_URL"; Value = ""; VariantName = "[No Variations]"
Add component (AddParameter): Name = "MPN"; Value = ""; VariantName = "[No Variations]"
Add component (AddParameter): Name = "PinCount"; Value = ""; VariantName = "[No Variations]"
Add component (AddParameter): Name = "Solder"; Value = "Not Fill"; VariantName = "[No Variations]"
Add component (AddParameter): Name = "Value"; Value = "NF"; VariantName = "[No Variations]"
Added Component: Designator=D9(DO-214AC)
Add component (AddParameter): Name = "Value"; Value = "1N4007"; VariantName = "[No Variations]"
Added Component: Designator=JP2(HED2)
Add component (AddParameter): Name = "Class"; Value = "Connector"; VariantName = "[No Variations]"
Add component (AddParameter): Name = "Manufacturer"; Value = "Generic Components"; VariantName = "[No Variations]"
Add component (AddParameter): Name = "Value"; Value = "Header 2"; VariantName = "[No Variations]"
Added Component: Designator=M1(IRF540NS)
Added Component: Designator=Q6(SOT23_3)
Add component (AddParameter): Name = "Category"; Value = ""; VariantName = "[No Variations]"
Add component (AddParameter): Name = "CompanyID"; Value = ""; VariantName = "[No Variations]"
Add component (AddParameter): Name = "MFR"; Value = ""; VariantName = "[No Variations]"
Add component (AddParameter): Name = "MPN"; Value = "2SC1815"; VariantName = "[No Variations]"
Add component (AddParameter): Name = "PinCount"; Value = ""; VariantName = "[No Variations]"
Add component (AddParameter): Name = "Solder"; Value = "SMT"; VariantName = "[No Variations]"
Add component (AddParameter): Name = "Value"; Value = "2SC1815"; VariantName = "[No Variations]"
Added Component: Designator=R11(RESC-0603 (1608))
Add component (AddParameter): Name = "Category"; Value = "RESISTOR"; VariantName = "[No Variations]"
Add component (AddParameter): Name = "CompanyID"; Value = ""; VariantName = "[No Variations]"
Add component (AddParameter): Name = "MFR"; Value = "Vishay Dale"; VariantName = "[No Variations]"
Add component (AddParameter): Name = "MFR_URL"; Value = ""; VariantName = "[No Variations]"
Add component (AddParameter): Name = "MPN"; Value = "CRCW06035R10FKEA"; VariantName = "[No Variations]"
Add component (AddParameter): Name = "PinCount"; Value = "2"; VariantName = "[No Variations]"
Add component (AddParameter): Name = "Solder"; Value = "SMT"; VariantName = "[No Variations]"
Add component (AddParameter): Name = "Value"; Value = "5.1R"; VariantName = "[No Variations]"
Added Component: Designator=R13(RESC-0603 (1608))
Add component (AddParameter): Name = "Category"; Value = "RESISTOR"; VariantName = "[No Variations]"
Add component (AddParameter): Name = "CompanyID"; Value = ""; VariantName = "[No Variations]"
Add component (AddParameter): Name = "MFR"; Value = "Vishay Dale"; VariantName = "[No Variations]"
Add component (AddParameter): Name = "MFR_URL"; Value = ""; VariantName = "[No Variations]"
Add component (AddParameter): Name = "MPN"; Value = "CRCW06035R10FKEA"; VariantName = "[No Variations]"
Add component (AddParameter): Name = "PinCount"; Value = "2"; VariantName = "[No Variations]"
Add component (AddParameter): Name = "Solder"; Value = "SMT"; VariantName = "[No Variations]"
Add component (AddParameter): Name = "Value"; Value = "5.1R"; VariantName = "[No Variations]"
Added Component: Designator=R14(RESC-0603 (1608))
Add component (AddParameter): Name = "Category"; Value = "RESISTOR"; VariantName = "[No Variations]"
Add component (AddParameter): Name = "CompanyID"; Value = ""; VariantName = "[No Variations]"
Add component (AddParameter): Name = "MFR"; Value = "Vishay Dale"; VariantName = "[No Variations]"
Add component (AddParameter): Name = "MFR_URL"; Value = ""; VariantName = "[No Variations]"
Add component (AddParameter): Name = "MPN"; Value = "CRCW06035R10FKEA"; VariantName = "[No Variations]"
Add component (AddParameter): Name = "PinCount"; Value = "2"; VariantName = "[No Variations]"
Add component (AddParameter): Name = "Solder"; Value = "SMT"; VariantName = "[No Variations]"
Add component (AddParameter): Name = "Value"; Value = "5.1R"; VariantName = "[No Variations]"
Added Component: Designator=R17(RESC-0603 (1608))
Add component (AddParameter): Name = "Category"; Value = "RESISTOR"; VariantName = "[No Variations]"
Add component (AddParameter): Name = "CompanyID"; Value = ""; VariantName = "[No Variations]"
Add component (AddParameter): Name = "MFR"; Value = "Vishay Dale"; VariantName = "[No Variations]"
Add component (AddParameter): Name = "MFR_URL"; Value = ""; VariantName = "[No Variations]"
Add component (AddParameter): Name = "MPN"; Value = "CRCW06035R10FKEA"; VariantName = "[No Variations]"
Add component (AddParameter): Name = "PinCount"; Value = "2"; VariantName = "[No Variations]"
Add component (AddParameter): Name = "Solder"; Value = "SMT"; VariantName = "[No Variations]"
Add component (AddParameter): Name = "Value"; Value = "5.1R"; VariantName = "[No Variations]"
Added Component: Designator=R18(RESC-0603 (1608))
Add component (AddParameter): Name = "Category"; Value = "RESISTOR"; VariantName = "[No Variations]"
Add component (AddParameter): Name = "CompanyID"; Value = ""; VariantName = "[No Variations]"
Add component (AddParameter): Name = "MFR"; Value = "Vishay Dale"; VariantName = "[No Variations]"
Add component (AddParameter): Name = "MFR_URL"; Value = ""; VariantName = "[No Variations]"
Add component (AddParameter): Name = "MPN"; Value = "CRCW06035R10FKEA"; VariantName = "[No Variations]"
Add component (AddParameter): Name = "PinCount"; Value = "2"; VariantName = "[No Variations]"
Add component (AddParameter): Name = "Solder"; Value = "SMT"; VariantName = "[No Variations]"
Add component (AddParameter): Name = "Value"; Value = "5.1R"; VariantName = "[No Variations]"
Added Component: Designator=R42(RESC-0603 (1608))
Add component (AddParameter): Name = "Category"; Value = "RESISTOR"; VariantName = "[No Variations]"
Add component (AddParameter): Name = "CompanyID"; Value = ""; VariantName = "[No Variations]"
Add component (AddParameter): Name = "MFR"; Value = "Vishay Dale"; VariantName = "[No Variations]"
Add component (AddParameter): Name = "MFR_URL"; Value = ""; VariantName = "[No Variations]"
Add component (AddParameter): Name = "MPN"; Value = "CRCW06035R10FKEA"; VariantName = "[No Variations]"
Add component (AddParameter): Name = "PinCount"; Value = "2"; VariantName = "[No Variations]"
Add component (AddParameter): Name = "Solder"; Value = "SMT"; VariantName = "[No Variations]"
Add component (AddParameter): Name = "Value"; Value = "5.1R"; VariantName = "[No Variations]"
Added Component: Designator=R43(RESC-0603 (1608))
Add component (AddParameter): Name = "Category"; Value = "RESISTOR"; VariantName = "[No Variations]"
Add component (AddParameter): Name = "CompanyID"; Value = ""; VariantName = "[No Variations]"
Add component (AddParameter): Name = "MFR"; Value = "Vishay Dale"; VariantName = "[No Variations]"
Add component (AddParameter): Name = "MFR_URL"; Value = ""; VariantName = "[No Variations]"
Add component (AddParameter): Name = "MPN"; Value = "CRCW06035R10FKEA"; VariantName = "[No Variations]"
Add component (AddParameter): Name = "PinCount"; Value = "2"; VariantName = "[No Variations]"
Add component (AddParameter): Name = "Solder"; Value = "SMT"; VariantName = "[No Variations]"
Add component (AddParameter): Name = "Value"; Value = "5.1R"; VariantName = "[No Variations]"
Added Component: Designator=R44(RESC-0603 (1608))
Add component (AddParameter): Name = "Category"; Value = "RESISTOR"; VariantName = "[No Variations]"
Add component (AddParameter): Name = "CompanyID"; Value = ""; VariantName = "[No Variations]"
Add component (AddParameter): Name = "MFR"; Value = "Vishay Dale"; VariantName = "[No Variations]"
Add component (AddParameter): Name = "MFR_URL"; Value = ""; VariantName = "[No Variations]"
Add component (AddParameter): Name = "MPN"; Value = "CRCW06035R10FKEA"; VariantName = "[No Variations]"
Add component (AddParameter): Name = "PinCount"; Value = "2"; VariantName = "[No Variations]"
Add component (AddParameter): Name = "Solder"; Value = "SMT"; VariantName = "[No Variations]"
Add component (AddParameter): Name = "Value"; Value = "5.1R"; VariantName = "[No Variations]"
Added Component: Designator=R45(RESC-0603 (1608))
Add component (AddParameter): Name = "Category"; Value = "RESISTOR"; VariantName = "[No Variations]"
Add component (AddParameter): Name = "CompanyID"; Value = ""; VariantName = "[No Variations]"
Add component (AddParameter): Name = "MFR"; Value = "Vishay Dale"; VariantName = "[No Variations]"
Add component (AddParameter): Name = "MFR_URL"; Value = ""; VariantName = "[No Variations]"
Add component (AddParameter): Name = "MPN"; Value = "CRCW06035R10FKEA"; VariantName = "[No Variations]"
Add component (AddParameter): Name = "PinCount"; Value = "2"; VariantName = "[No Variations]"
Add component (AddParameter): Name = "Solder"; Value = "SMT"; VariantName = "[No Variations]"
Add component (AddParameter): Name = "Value"; Value = "5.1R"; VariantName = "[No Variations]"
Added Component: Designator=RL3(RL_SPDT_10A)
Add component (AddParameter): Name = "Value"; Value = "Relay SPDT, 10A, 12V"; VariantName = "[No Variations]"
Added Component: Designator=U12(DIP4/W0.3)
Add component (AddParameter): Name = "Value"; Value = "PC817"; VariantName = "[No Variations]"
Added Component: Designator=U13(DIP4/W0.3)
Add component (AddParameter): Name = "Value"; Value = "PC817"; VariantName = "[No Variations]"
Added Component: Designator=U14(DIP4/W0.3)
Add component (AddParameter): Name = "Value"; Value = "PC817"; VariantName = "[No Variations]"
Added Pin To Net: NetName=GND Pin=C2-1
Added Pin To Net: NetName=VCC_3V3_MCU Pin=C2-2
Added Pin To Net: NetName=GND Pin=C16-1
Added Pin To Net: NetName=VCC_3V3_MCU Pin=C16-2
Added Pin To Net: NetName=VC_DK Pin=C21-1
Added Pin To Net: NetName=GND Pin=C21-2
Added Pin To Net: NetName=VC_DK Pin=C22-1
Added Pin To Net: NetName=GND Pin=C22-2
Added Pin To Net: NetName=VCC_12V Pin=D5-K
Added Pin To Net: NetName=VC_DK Pin=D9-K
Added Pin To Net: NetName=VCC_12V Pin=JP2-1
Added Pin To Net: NetName=NetD5_A Pin=JP2-2
Added Pin To Net: NetName=NetD5_A Pin=M1-2
Added Pin To Net: NetName=GND Pin=M1-3
Added Pin To Net: NetName=GND Pin=Q6-2
Added Pin To Net: NetName=VCC_12V Pin=R6-2
Added Pin To Net: NetName=VCC_3V3_MCU Pin=R7-2
Added Pin To Net: NetName=NetR7_1 Pin=R11-1
Added Pin To Net: NetName=NetQ1_1 Pin=R11-2
Added Pin To Net: NetName=VCC_3V3_MCU Pin=R12-2
Added Pin To Net: NetName=NetQ2_1 Pin=R13-2
Added Pin To Net: NetName=GND Pin=R14-1
Added Pin To Net: NetName=NetQ2_1 Pin=R14-2
Added Pin To Net: NetName=VCC_3V3_MCU Pin=R17-2
Added Pin To Net: NetName=GND Pin=R42-1
Added Pin To Net: NetName=VCC_3V3_MCU Pin=R43-2
Added Pin To Net: NetName=NetQ7_1 Pin=R44-2
Added Pin To Net: NetName=GND Pin=R45-1
Added Pin To Net: NetName=NetQ7_1 Pin=R45-2
Added Pin To Net: NetName=NetJP3_2 Pin=RL1-3
Added Pin To Net: NetName=NetD6_A Pin=RL1-4
Added Pin To Net: NetName=NetJP4_2 Pin=RL2-3
Added Pin To Net: NetName=GND Pin=RL3-1
Added Pin To Net: NetName=NetJP5_2 Pin=RL3-3
Added Pin To Net: NetName=NetD10_A Pin=RL3-4
Added Pin To Net: NetName=VC_DK Pin=RL3-5
Added Pin To Net: NetName=NetR7_1 Pin=U4-14
Added Pin To Net: NetName=NetR12_1 Pin=U12-1
Added Pin To Net: NetName=VCC_3V3_MCU Pin=U12-4
Added Pin To Net: NetName=VCC_3V3_MCU Pin=U13-4
Added Pin To Net: NetName=VCC_3V3_MCU Pin=U14-4
Change Net Name : Old Net Name=VC_DK New Net Name=+VCC_12V
Change Net Color : Old Net Color=Yellow New Net Color=Default
Added Pin To Net: NetName=NetD9_A Pin=D9-A
Added Pin To Net: NetName=NetD9_A Pin=Q6-3
Added Pin To Net: NetName=NetD9_A Pin=RL2-4
Added Net: Name=NetD9_A
Added Pin To Net: NetName=NetM1_1 Pin=M1-1
Added Pin To Net: NetName=NetM1_1 Pin=M1-1
Added Pin To Net: NetName=NetM1_1 Pin=Q1-3
Added Pin To Net: NetName=NetM1_1 Pin=R6-1
Added Net: Name=NetM1_1
Added Pin To Net: NetName=NetQ6_1 Pin=Q6-1
Added Pin To Net: NetName=NetQ6_1 Pin=R18-2
Added Pin To Net: NetName=NetQ6_1 Pin=R42-2
Added Net: Name=NetQ6_1
Added Pin To Net: NetName=NetR13_1 Pin=R13-1
Added Pin To Net: NetName=NetR13_1 Pin=U12-3
Added Net: Name=NetR13_1
Added Pin To Net: NetName=NetR17_1 Pin=R17-1
Added Pin To Net: NetName=NetR17_1 Pin=U13-1
Added Net: Name=NetR17_1
Added Pin To Net: NetName=NetR18_1 Pin=R18-1
Added Pin To Net: NetName=NetR18_1 Pin=U13-3
Added Net: Name=NetR18_1
Added Pin To Net: NetName=NetR43_1 Pin=R43-1
Added Pin To Net: NetName=NetR43_1 Pin=U14-1
Added Net: Name=NetR43_1
Added Pin To Net: NetName=NetR44_1 Pin=R44-1
Added Pin To Net: NetName=NetR44_1 Pin=U14-3
Added Net: Name=NetR44_1
Added Pin To Net: NetName=NetU4_10 Pin=U4-10
Added Net: Name=NetU4_10
Added Pin To Net: NetName=NetU4_11 Pin=U4-11
Added Pin To Net: NetName=NetU4_11 Pin=U12-2
Added Pin To Net: NetName=NetU4_11 Pin=U13-2
Added Pin To Net: NetName=NetU4_11 Pin=U14-2
Added Net: Name=NetU4_11
Added Member To Class: ClassName=U_MCU_Sheet Member=Component C2 100nF
Added Member To Class: ClassName=U_MCU_Sheet Member=Component C16 100nF
Added Member To Class: ClassName=U_MCU_Sheet Member=Component D9 1N4007
Added Member To Class: ClassName=U_MCU_Sheet Member=Component JP2 Header 2_1
Added Member To Class: ClassName=U_MCU_Sheet Member=Component M1 IRF540NS
Added Member To Class: ClassName=U_MCU_Sheet Member=Component P1 Header 4P
Added Member To Class: ClassName=U_MCU_Sheet Member=Component P5 Header 6
Added Member To Class: ClassName=U_MCU_Sheet Member=Component Q6 2SC1815
Added Member To Class: ClassName=U_MCU_Sheet Member=Component R11 100R
Added Member To Class: ClassName=U_MCU_Sheet Member=Component R13 1K
Added Member To Class: ClassName=U_MCU_Sheet Member=Component R14 10K
Added Member To Class: ClassName=U_MCU_Sheet Member=Component R17 1K
Added Member To Class: ClassName=U_MCU_Sheet Member=Component R18 1K
Added Member To Class: ClassName=U_MCU_Sheet Member=Component R42 10K
Added Member To Class: ClassName=U_MCU_Sheet Member=Component R43 1K
Added Member To Class: ClassName=U_MCU_Sheet Member=Component R44 1K
Added Member To Class: ClassName=U_MCU_Sheet Member=Component R45 10K
Added Member To Class: ClassName=U_MCU_Sheet Member=Component RL3 Relay
Added Member To Class: ClassName=U_MCU_Sheet Member=Component U12 PC817
Added Member To Class: ClassName=U_MCU_Sheet Member=Component U13 PC817
Added Member To Class: ClassName=U_MCU_Sheet Member=Component U14 PC817
Added Room: Name=U_Comm_Sheet
Added Room: Name=U_MCU_Sheet
Added Room: Name=U_Power_Sheet
Added Room: Name=U_Sensors_Sheet
