Removed Pin From Net: NetName=GND Pin=C39-1
Removed Pin From Net: NetName=VCC_3V3_MCU Pin=C39-2
Removed Pin From Net: NetName=GND Pin=C42-1
Removed Pin From Net: NetName=NetC41_2 Pin=C42-2
Removed Pin From Net: NetName=GND Pin=P6-1
Removed Pin From Net: NetName=GND Pin=P7-1
Removed Pin From Net: NetName=GND Pin=P8-1
Removed Pin From Net: NetName=VCC_3V3_MCU Pin=R39-2
Removed Pin From Net: NetName=VCC_3V3_MCU Pin=R40-2
Removed Pin From Net: NetName=VCC_3V3_MCU Pin=R41-2
Removed Member From Class: ClassName=U_Comm_Sheet Member=C39
Removed Member From Class: ClassName=U_Comm_Sheet Member=C42
Removed Member From Class: ClassName=U_Sensors_Sheet Member=P7
Added Component: Designator=C11(CAP 6.3MMx5.4MM)
Added Component: Designator=C26(CAP 6.3MMx5.4MM)
Added Component: Designator=J1(USB_M)
Added Component: Designator=P3(HDR1X2)
Add component (AddParameter): Name = "CompanyID"; Value = ""; VariantName = "[No Variations]"
Add component (AddParameter): Name = "MFR"; Value = ""; VariantName = "[No Variations]"
Add component (AddParameter): Name = "MFR_URL"; Value = ""; VariantName = "[No Variations]"
Add component (AddParameter): Name = "MPN"; Value = ""; VariantName = "[No Variations]"
Add component (AddParameter): Name = "Solder"; Value = "WAVE"; VariantName = "[No Variations]"
Add component (AddParameter): Name = "Value"; Value = ""; VariantName = "[No Variations]"
Added Component: Designator=R31(RESC-0603 (1608))
Add component (AddParameter): Name = "Category"; Value = "RESISTOR"; VariantName = "[No Variations]"
Add component (AddParameter): Name = "CompanyID"; Value = ""; VariantName = "[No Variations]"
Add component (AddParameter): Name = "MFR"; Value = ""; VariantName = "[No Variations]"
Add component (AddParameter): Name = "MFR_URL"; Value = ""; VariantName = "[No Variations]"
Add component (AddParameter): Name = "MPN"; Value = ""; VariantName = "[No Variations]"
Add component (AddParameter): Name = "PinCount"; Value = ""; VariantName = "[No Variations]"
Add component (AddParameter): Name = "Solder"; Value = "Not Fill"; VariantName = "[No Variations]"
Add component (AddParameter): Name = "Value"; Value = "NF"; VariantName = "[No Variations]"
Added Component: Designator=R32(RESC-0603 (1608))
Add component (AddParameter): Name = "Category"; Value = "RESISTOR"; VariantName = "[No Variations]"
Add component (AddParameter): Name = "CompanyID"; Value = ""; VariantName = "[No Variations]"
Add component (AddParameter): Name = "MFR"; Value = ""; VariantName = "[No Variations]"
Add component (AddParameter): Name = "MFR_URL"; Value = ""; VariantName = "[No Variations]"
Add component (AddParameter): Name = "MPN"; Value = ""; VariantName = "[No Variations]"
Add component (AddParameter): Name = "PinCount"; Value = ""; VariantName = "[No Variations]"
Add component (AddParameter): Name = "Solder"; Value = "Not Fill"; VariantName = "[No Variations]"
Add component (AddParameter): Name = "Value"; Value = "NF"; VariantName = "[No Variations]"
Added Pin To Net: NetName=+VCC_12V Pin=C11-1
Added Pin To Net: NetName=GND Pin=C11-2
Added Pin To Net: NetName=+VCC_12V Pin=C26-1
Added Pin To Net: NetName=GND Pin=C26-2
Added Pin To Net: NetName=VBUS Pin=J1-1
Added Pin To Net: NetName=NetJ1_2 Pin=J1-2
Added Pin To Net: NetName=NetJ1_3 Pin=J1-3
Added Pin To Net: NetName=GND Pin=J1-5
Added Pin To Net: NetName=GND Pin=J1-5
Added Pin To Net: NetName=GND Pin=J1-5
Added Pin To Net: NetName=VCC_3V3_MCU Pin=P3-2
Added Pin To Net: NetName=VCC_3V3_MCU Pin=P6-2
Added Pin To Net: NetName=VCC_3V3_MCU Pin=P8-2
Added Pin To Net: NetName=NetJ1_2 Pin=R31-1
Added Pin To Net: NetName=USB_N Pin=R31-2
Added Pin To Net: NetName=NetJ1_3 Pin=R32-1
Added Pin To Net: NetName=USB_P Pin=R32-2
Added Pin To Net: NetName=GND Pin=R39-1
Added Pin To Net: NetName=GND Pin=R40-1
Added Pin To Net: NetName=GND Pin=R41-1
Added Pin To Net: NetName=NetP3_1 Pin=P3-1
Added Pin To Net: NetName=NetP3_1 Pin=R39-2
Added Pin To Net: NetName=NetP3_1 Pin=U4-18
Added Net: Name=NetP3_1
Added Pin To Net: NetName=NetP6_1 Pin=P6-1
Added Pin To Net: NetName=NetP6_1 Pin=R40-2
Added Pin To Net: NetName=NetP6_1 Pin=U4-17
Added Net: Name=NetP6_1
Added Pin To Net: NetName=NetP8_1 Pin=P8-1
Added Pin To Net: NetName=NetP8_1 Pin=R41-2
Added Pin To Net: NetName=NetP8_1 Pin=U4-16
Added Net: Name=NetP8_1
Added Member To Class: ClassName=U_MCU_Sheet Member=Component C11 100uF/16V
Added Member To Class: ClassName=U_MCU_Sheet Member=Component C26 100uF/16V
Added Member To Class: ClassName=U_Comm_Sheet Member=Component J1 USB_M
Added Member To Class: ClassName=U_Sensors_Sheet Member=Component P3 Header 2x1
Added Member To Class: ClassName=U_Comm_Sheet Member=Component R31 0R
Added Member To Class: ClassName=U_Comm_Sheet Member=Component R32 0R
Added Member To Class: ClassName=U_Sensors_Sheet Member=Component VR2 10K
Added Room: Name=U_Comm_Sheet
Added Room: Name=U_MCU_Sheet
Added Room: Name=U_Power_Sheet
Added Room: Name=U_Sensors_Sheet
