ARM GAS  C:\Users\CDP~1.DAR\AppData\Local\Temp\cck7s5ic.s 			page 1


   1              		.cpu cortex-m3
   2              		.arch armv7-m
   3              		.fpu softvfp
   4              		.eabi_attribute 20, 1
   5              		.eabi_attribute 21, 1
   6              		.eabi_attribute 23, 3
   7              		.eabi_attribute 24, 1
   8              		.eabi_attribute 25, 1
   9              		.eabi_attribute 26, 1
  10              		.eabi_attribute 30, 1
  11              		.eabi_attribute 34, 1
  12              		.eabi_attribute 18, 4
  13              		.file	"fm_control_hw.c"
  14              		.text
  15              	.Ltext0:
  16              		.cfi_sections	.debug_frame
  17              		.file 1 "Core/Src/fm_control_hw.c"
  18              		.section	.text.FM_V0x_Control_Hw_Init,"ax",%progbits
  19              		.align	1
  20              		.global	FM_V0x_Control_Hw_Init
  21              		.syntax unified
  22              		.thumb
  23              		.thumb_func
  25              	FM_V0x_Control_Hw_Init:
  26              	.LFB68:
   1:Core/Src/fm_control_hw.c **** #include "fm_control_hw.h"
   2:Core/Src/fm_control_hw.c **** 
   3:Core/Src/fm_control_hw.c **** FM_V0x_Control_States_t         FM_V0x_Control_State;
   4:Core/Src/fm_control_hw.c **** 
   5:Core/Src/fm_control_hw.c **** bool FM_V0x_Control_Hw_Init( ){
  27              		.loc 1 5 31 view -0
  28              		.cfi_startproc
  29              		@ args = 0, pretend = 0, frame = 0
  30              		@ frame_needed = 0, uses_anonymous_args = 0
  31              		@ link register save eliminated.
   6:Core/Src/fm_control_hw.c ****         FM_V0x_Control_State = FM_V0x_CONTROL_STATE_ON;
  32              		.loc 1 6 9 view .LVU1
  33              		.loc 1 6 30 is_stmt 0 view .LVU2
  34 0000 0120     		movs	r0, #1
  35 0002 014B     		ldr	r3, .L2
  36 0004 1870     		strb	r0, [r3]
   7:Core/Src/fm_control_hw.c **** 
   8:Core/Src/fm_control_hw.c ****         return true;       
  37              		.loc 1 8 9 is_stmt 1 view .LVU3
   9:Core/Src/fm_control_hw.c **** 
  10:Core/Src/fm_control_hw.c **** }...
  38              		.loc 1 10 1 is_stmt 0 view .LVU4
  39 0006 7047     		bx	lr
  40              	.L3:
  41              		.align	2
  42              	.L2:
  43 0008 00000000 		.word	FM_V0x_Control_State
  44              		.cfi_endproc
  45              	.LFE68:
  47              		.global	FM_V0x_Control_State
  48              		.section	.bss.FM_V0x_Control_State,"aw",%nobits
  51              	FM_V0x_Control_State:
ARM GAS  C:\Users\CDP~1.DAR\AppData\Local\Temp\cck7s5ic.s 			page 2


  52 0000 00       		.space	1
  53              		.text
  54              	.Letext0:
  55              		.file 2 "Core/Inc/fm_control_hw.h"
ARM GAS  C:\Users\CDP~1.DAR\AppData\Local\Temp\cck7s5ic.s 			page 3


DEFINED SYMBOLS
                            *ABS*:00000000 fm_control_hw.c
C:\Users\CDP~1.DAR\AppData\Local\Temp\cck7s5ic.s:19     .text.FM_V0x_Control_Hw_Init:00000000 $t
C:\Users\CDP~1.DAR\AppData\Local\Temp\cck7s5ic.s:25     .text.FM_V0x_Control_Hw_Init:00000000 FM_V0x_Control_Hw_Init
C:\Users\CDP~1.DAR\AppData\Local\Temp\cck7s5ic.s:43     .text.FM_V0x_Control_Hw_Init:00000008 $d
C:\Users\CDP~1.DAR\AppData\Local\Temp\cck7s5ic.s:51     .bss.FM_V0x_Control_State:00000000 FM_V0x_Control_State
C:\Users\CDP~1.DAR\AppData\Local\Temp\cck7s5ic.s:52     .bss.FM_V0x_Control_State:00000000 $d

NO UNDEFINED SYMBOLS
