ARM GAS  C:\Users\CDP~1.DAR\AppData\Local\Temp\cccURhSn.s 			page 1


   1              		.cpu cortex-m3
   2              		.arch armv7-m
   3              		.fpu softvfp
   4              		.eabi_attribute 20, 1
   5              		.eabi_attribute 21, 1
   6              		.eabi_attribute 23, 3
   7              		.eabi_attribute 24, 1
   8              		.eabi_attribute 25, 1
   9              		.eabi_attribute 26, 1
  10              		.eabi_attribute 30, 1
  11              		.eabi_attribute 34, 1
  12              		.eabi_attribute 18, 4
  13              		.file	"fm_ring_buffer.c"
  14              		.text
  15              	.Ltext0:
  16              		.cfi_sections	.debug_frame
  17              		.file 1 "Core/Src/fm_ring_buffer.c"
  18              		.section	.text._write,"ax",%progbits
  19              		.align	1
  20              		.global	_write
  21              		.syntax unified
  22              		.thumb
  23              		.thumb_func
  25              	_write:
  26              	.LVL0:
  27              	.LFB68:
   1:Core/Src/fm_ring_buffer.c **** #include "fm_ring_buffer.h"
   2:Core/Src/fm_ring_buffer.c **** 
   3:Core/Src/fm_ring_buffer.c **** extern UART_HandleTypeDef huart2;
   4:Core/Src/fm_ring_buffer.c **** 
   5:Core/Src/fm_ring_buffer.c **** #define     FM_RBUFFER_UART2                ( &huart2  )
   6:Core/Src/fm_ring_buffer.c **** #define    FM_RBUFFER_TIMEOUT_DEF            500U     
   7:Core/Src/fm_ring_buffer.c **** uint16_t    FM_RBUFFER_TIMEOUT              = 0;
   8:Core/Src/fm_ring_buffer.c **** 
   9:Core/Src/fm_ring_buffer.c **** 
  10:Core/Src/fm_ring_buffer.c **** RBuffer_Def_t     RX_Buffer = { {0},  0, 0}; 
  11:Core/Src/fm_ring_buffer.c **** RBuffer_Def_t     TX_Buffer = { {0},  0, 0}; 
  12:Core/Src/fm_ring_buffer.c **** RBuffer_Def_t     *__RX_RBuffer;
  13:Core/Src/fm_ring_buffer.c **** RBuffer_Def_t     *__TX_RBuffer;
  14:Core/Src/fm_ring_buffer.c **** 
  15:Core/Src/fm_ring_buffer.c **** int _write(int file, char *ptr, int len)
  16:Core/Src/fm_ring_buffer.c **** {
  28              		.loc 1 16 1 view -0
  29              		.cfi_startproc
  30              		@ args = 0, pretend = 0, frame = 0
  31              		@ frame_needed = 0, uses_anonymous_args = 0
  32              		.loc 1 16 1 is_stmt 0 view .LVU1
  33 0000 10B5     		push	{r4, lr}
  34              	.LCFI0:
  35              		.cfi_def_cfa_offset 8
  36              		.cfi_offset 4, -8
  37              		.cfi_offset 14, -4
  38 0002 1446     		mov	r4, r2
  17:Core/Src/fm_ring_buffer.c ****     HAL_UART_Transmit(&huart2, (uint8_t*)ptr, len, HAL_MAX_DELAY);
  39              		.loc 1 17 5 is_stmt 1 view .LVU2
  40 0004 4FF0FF33 		mov	r3, #-1
  41 0008 92B2     		uxth	r2, r2
ARM GAS  C:\Users\CDP~1.DAR\AppData\Local\Temp\cccURhSn.s 			page 2


  42              	.LVL1:
  43              		.loc 1 17 5 is_stmt 0 view .LVU3
  44 000a 0248     		ldr	r0, .L3
  45              	.LVL2:
  46              		.loc 1 17 5 view .LVU4
  47 000c FFF7FEFF 		bl	HAL_UART_Transmit
  48              	.LVL3:
  18:Core/Src/fm_ring_buffer.c ****     return len;
  49              		.loc 1 18 5 is_stmt 1 view .LVU5
  19:Core/Src/fm_ring_buffer.c **** }
  50              		.loc 1 19 1 is_stmt 0 view .LVU6
  51 0010 2046     		mov	r0, r4
  52 0012 10BD     		pop	{r4, pc}
  53              	.LVL4:
  54              	.L4:
  55              		.loc 1 19 1 view .LVU7
  56              		.align	2
  57              	.L3:
  58 0014 00000000 		.word	huart2
  59              		.cfi_endproc
  60              	.LFE68:
  62              		.section	.text.FM_RBuffer_Int,"ax",%progbits
  63              		.align	1
  64              		.global	FM_RBuffer_Int
  65              		.syntax unified
  66              		.thumb
  67              		.thumb_func
  69              	FM_RBuffer_Int:
  70              	.LFB69:
  20:Core/Src/fm_ring_buffer.c **** 
  21:Core/Src/fm_ring_buffer.c **** void    FM_RBuffer_Int( void ){
  71              		.loc 1 21 31 is_stmt 1 view -0
  72              		.cfi_startproc
  73              		@ args = 0, pretend = 0, frame = 0
  74              		@ frame_needed = 0, uses_anonymous_args = 0
  75              		@ link register save eliminated.
  22:Core/Src/fm_ring_buffer.c **** 
  23:Core/Src/fm_ring_buffer.c ****           __RX_RBuffer = &RX_Buffer;
  76              		.loc 1 23 11 view .LVU9
  77              		.loc 1 23 24 is_stmt 0 view .LVU10
  78 0000 084B     		ldr	r3, .L6
  79 0002 094A     		ldr	r2, .L6+4
  80 0004 1A60     		str	r2, [r3]
  24:Core/Src/fm_ring_buffer.c ****           __TX_RBuffer = &TX_Buffer;
  81              		.loc 1 24 11 is_stmt 1 view .LVU11
  82              		.loc 1 24 24 is_stmt 0 view .LVU12
  83 0006 094B     		ldr	r3, .L6+8
  84 0008 094A     		ldr	r2, .L6+12
  85 000a 1A60     		str	r2, [r3]
  25:Core/Src/fm_ring_buffer.c **** 
  26:Core/Src/fm_ring_buffer.c ****           __HAL_UART_ENABLE_IT(FM_RBUFFER_UART2, UART_IT_ERR);
  86              		.loc 1 26 11 is_stmt 1 view .LVU13
  87 000c 094B     		ldr	r3, .L6+16
  88 000e 1B68     		ldr	r3, [r3]
  89 0010 5A69     		ldr	r2, [r3, #20]
  90 0012 42F00102 		orr	r2, r2, #1
  91 0016 5A61     		str	r2, [r3, #20]
ARM GAS  C:\Users\CDP~1.DAR\AppData\Local\Temp\cccURhSn.s 			page 3


  27:Core/Src/fm_ring_buffer.c ****           __HAL_UART_ENABLE_IT(FM_RBUFFER_UART2, UART_IT_RXNE);
  92              		.loc 1 27 11 view .LVU14
  93 0018 DA68     		ldr	r2, [r3, #12]
  94 001a 42F02002 		orr	r2, r2, #32
  95 001e DA60     		str	r2, [r3, #12]
  28:Core/Src/fm_ring_buffer.c **** }
  96              		.loc 1 28 1 is_stmt 0 view .LVU15
  97 0020 7047     		bx	lr
  98              	.L7:
  99 0022 00BF     		.align	2
 100              	.L6:
 101 0024 00000000 		.word	__RX_RBuffer
 102 0028 00000000 		.word	RX_Buffer
 103 002c 00000000 		.word	__TX_RBuffer
 104 0030 00000000 		.word	TX_Buffer
 105 0034 00000000 		.word	huart2
 106              		.cfi_endproc
 107              	.LFE69:
 109              		.section	.text.FM_RBuffer_Checking_Data_Is_Available,"ax",%progbits
 110              		.align	1
 111              		.global	FM_RBuffer_Checking_Data_Is_Available
 112              		.syntax unified
 113              		.thumb
 114              		.thumb_func
 116              	FM_RBuffer_Checking_Data_Is_Available:
 117              	.LFB70:
  29:Core/Src/fm_ring_buffer.c **** 
  30:Core/Src/fm_ring_buffer.c **** uint8_t FM_RBuffer_Checking_Data_Is_Available( void ){
 118              		.loc 1 30 54 is_stmt 1 view -0
 119              		.cfi_startproc
 120              		@ args = 0, pretend = 0, frame = 0
 121              		@ frame_needed = 0, uses_anonymous_args = 0
 122              		@ link register save eliminated.
  31:Core/Src/fm_ring_buffer.c ****             return ( uint16_t )( FM_UART2_BUFFER_SIZE + ( __RX_RBuffer->head - __RX_RBuffer->tail )
 123              		.loc 1 31 13 view .LVU17
 124              		.loc 1 31 71 is_stmt 0 view .LVU18
 125 0000 044B     		ldr	r3, .L9
 126 0002 1B68     		ldr	r3, [r3]
 127 0004 D3F88000 		ldr	r0, [r3, #128]
 128              		.loc 1 31 92 view .LVU19
 129 0008 D3F88430 		ldr	r3, [r3, #132]
 130              		.loc 1 31 78 view .LVU20
 131 000c C01A     		subs	r0, r0, r3
  32:Core/Src/fm_ring_buffer.c ****                                                                                     FM_UART2_BUFFER
  33:Core/Src/fm_ring_buffer.c **** }
 132              		.loc 1 33 1 view .LVU21
 133 000e 00F07F00 		and	r0, r0, #127
 134 0012 7047     		bx	lr
 135              	.L10:
 136              		.align	2
 137              	.L9:
 138 0014 00000000 		.word	__RX_RBuffer
 139              		.cfi_endproc
 140              	.LFE70:
 142              		.section	.text.FM_RBuffer_Store_Data,"ax",%progbits
 143              		.align	1
 144              		.global	FM_RBuffer_Store_Data
ARM GAS  C:\Users\CDP~1.DAR\AppData\Local\Temp\cccURhSn.s 			page 4


 145              		.syntax unified
 146              		.thumb
 147              		.thumb_func
 149              	FM_RBuffer_Store_Data:
 150              	.LVL5:
 151              	.LFB71:
  34:Core/Src/fm_ring_buffer.c **** 
  35:Core/Src/fm_ring_buffer.c **** 
  36:Core/Src/fm_ring_buffer.c **** void    FM_RBuffer_Store_Data( unsigned char chr, RBuffer_Def_t *RB_buffer ){
 152              		.loc 1 36 77 is_stmt 1 view -0
 153              		.cfi_startproc
 154              		@ args = 0, pretend = 0, frame = 0
 155              		@ frame_needed = 0, uses_anonymous_args = 0
 156              		@ link register save eliminated.
  37:Core/Src/fm_ring_buffer.c ****             uint8_t l_cnt = ( uint8_t )( RB_buffer->head + 1) % FM_UART2_BUFFER_SIZE;
 157              		.loc 1 37 13 view .LVU23
 158              		.loc 1 37 51 is_stmt 0 view .LVU24
 159 0000 D1F88030 		ldr	r3, [r1, #128]
 160              		.loc 1 37 29 view .LVU25
 161 0004 0133     		adds	r3, r3, #1
 162              		.loc 1 37 21 view .LVU26
 163 0006 03F07F03 		and	r3, r3, #127
 164              	.LVL6:
  38:Core/Src/fm_ring_buffer.c **** 
  39:Core/Src/fm_ring_buffer.c ****             if( l_cnt != RB_buffer->tail ){
 165              		.loc 1 39 13 is_stmt 1 view .LVU27
 166              		.loc 1 39 35 is_stmt 0 view .LVU28
 167 000a D1F88420 		ldr	r2, [r1, #132]
 168              		.loc 1 39 15 view .LVU29
 169 000e 9342     		cmp	r3, r2
 170 0010 04D0     		beq	.L11
  40:Core/Src/fm_ring_buffer.c **** 
  41:Core/Src/fm_ring_buffer.c ****                     RB_buffer->fm_buffer[RB_buffer->head ] = chr;
 171              		.loc 1 41 21 is_stmt 1 view .LVU30
 172              		.loc 1 41 51 is_stmt 0 view .LVU31
 173 0012 D1F88020 		ldr	r2, [r1, #128]
 174              		.loc 1 41 60 view .LVU32
 175 0016 8854     		strb	r0, [r1, r2]
  42:Core/Src/fm_ring_buffer.c ****                     RB_buffer->head = l_cnt;
 176              		.loc 1 42 21 is_stmt 1 view .LVU33
 177              		.loc 1 42 37 is_stmt 0 view .LVU34
 178 0018 C1F88030 		str	r3, [r1, #128]
 179              	.L11:
  43:Core/Src/fm_ring_buffer.c **** 
  44:Core/Src/fm_ring_buffer.c ****             }
  45:Core/Src/fm_ring_buffer.c **** }
 180              		.loc 1 45 1 view .LVU35
 181 001c 7047     		bx	lr
 182              		.cfi_endproc
 183              	.LFE71:
 185              		.section	.text.FM_RBuffer_UART_ISR,"ax",%progbits
 186              		.align	1
 187              		.global	FM_RBuffer_UART_ISR
 188              		.syntax unified
 189              		.thumb
 190              		.thumb_func
 192              	FM_RBuffer_UART_ISR:
ARM GAS  C:\Users\CDP~1.DAR\AppData\Local\Temp\cccURhSn.s 			page 5


 193              	.LVL7:
 194              	.LFB73:
  46:Core/Src/fm_ring_buffer.c **** void Uart_printbase (long n, uint8_t base)
  47:Core/Src/fm_ring_buffer.c **** {
  48:Core/Src/fm_ring_buffer.c ****   char buf[8 * sizeof(long) + 1]; // Assumes 8-bit chars plus zero byte.
  49:Core/Src/fm_ring_buffer.c ****   char *s = &buf[sizeof(buf) - 1];
  50:Core/Src/fm_ring_buffer.c ****   *s = '\0';
  51:Core/Src/fm_ring_buffer.c ****   // prevent crash if called with base == 1
  52:Core/Src/fm_ring_buffer.c ****   if (base < 2) base = 10;
  53:Core/Src/fm_ring_buffer.c ****   do {
  54:Core/Src/fm_ring_buffer.c ****     unsigned long m = n;
  55:Core/Src/fm_ring_buffer.c ****     n /= base;
  56:Core/Src/fm_ring_buffer.c ****     char c = m - base * n;
  57:Core/Src/fm_ring_buffer.c ****     *--s = c < 10 ? c + '0' : c + 'A' - 10;
  58:Core/Src/fm_ring_buffer.c ****   } while(n);
  59:Core/Src/fm_ring_buffer.c ****   while(*s) FM_RBuffer_Write_Data(*s++);
  60:Core/Src/fm_ring_buffer.c **** }
  61:Core/Src/fm_ring_buffer.c **** 
  62:Core/Src/fm_ring_buffer.c **** 
  63:Core/Src/fm_ring_buffer.c **** void    FM_RBuffer_UART_ISR (UART_HandleTypeDef *huart ) {
 195              		.loc 1 63 58 is_stmt 1 view -0
 196              		.cfi_startproc
 197              		@ args = 0, pretend = 0, frame = 0
 198              		@ frame_needed = 0, uses_anonymous_args = 0
 199              		.loc 1 63 58 is_stmt 0 view .LVU37
 200 0000 08B5     		push	{r3, lr}
 201              	.LCFI1:
 202              		.cfi_def_cfa_offset 8
 203              		.cfi_offset 3, -8
 204              		.cfi_offset 14, -4
  64:Core/Src/fm_ring_buffer.c ****             uint32_t FM_ISR_FLAGS = READ_REG( huart->Instance->SR  );
 205              		.loc 1 64 13 is_stmt 1 view .LVU38
 206              		.loc 1 64 37 is_stmt 0 view .LVU39
 207 0002 0368     		ldr	r3, [r0]
 208              		.loc 1 64 22 view .LVU40
 209 0004 1A68     		ldr	r2, [r3]
 210              	.LVL8:
  65:Core/Src/fm_ring_buffer.c ****             uint32_t FM_CR1_ITS   = READ_REG( huart->Instance->CR1 );
 211              		.loc 1 65 13 is_stmt 1 view .LVU41
 212              		.loc 1 65 22 is_stmt 0 view .LVU42
 213 0006 D968     		ldr	r1, [r3, #12]
 214              	.LVL9:
  66:Core/Src/fm_ring_buffer.c **** 
  67:Core/Src/fm_ring_buffer.c ****               /* if DR is not empty and the Rx Int is enabled */
  68:Core/Src/fm_ring_buffer.c ****          if (((FM_ISR_FLAGS & USART_SR_RXNE) != RESET) && ((FM_CR1_ITS & USART_CR1_RXNEIE) != RESET
 215              		.loc 1 68 10 is_stmt 1 view .LVU43
 216              		.loc 1 68 13 is_stmt 0 view .LVU44
 217 0008 12F0200F 		tst	r2, #32
 218 000c 02D0     		beq	.L14
 219              		.loc 1 68 56 discriminator 1 view .LVU45
 220 000e 11F0200F 		tst	r1, #32
 221 0012 06D1     		bne	.L19
 222              	.L14:
  69:Core/Src/fm_ring_buffer.c **** 
  70:Core/Src/fm_ring_buffer.c ****                 huart->Instance->SR;        
  71:Core/Src/fm_ring_buffer.c ****                 unsigned char chr = huart->Instance->DR;
  72:Core/Src/fm_ring_buffer.c ****                 FM_RBuffer_Store_Data( chr,__RX_RBuffer );
ARM GAS  C:\Users\CDP~1.DAR\AppData\Local\Temp\cccURhSn.s 			page 6


  73:Core/Src/fm_ring_buffer.c ****                 return;
  74:Core/Src/fm_ring_buffer.c ****          }
  75:Core/Src/fm_ring_buffer.c ****          if (((FM_ISR_FLAGS & USART_SR_TXE) != RESET) && ((FM_CR1_ITS & USART_CR1_TXEIE) != RESET))
 223              		.loc 1 75 10 is_stmt 1 view .LVU46
 224              		.loc 1 75 13 is_stmt 0 view .LVU47
 225 0014 12F0800F 		tst	r2, #128
 226 0018 02D0     		beq	.L13
 227              		.loc 1 75 55 discriminator 1 view .LVU48
 228 001a 11F0800F 		tst	r1, #128
 229 001e 08D1     		bne	.L20
 230              	.LVL10:
 231              	.L13:
  76:Core/Src/fm_ring_buffer.c ****                     if( TX_Buffer.head == TX_Buffer.tail ) {
  77:Core/Src/fm_ring_buffer.c ****     	      // Buffer empty, so disable interrupts
  78:Core/Src/fm_ring_buffer.c ****     	           __HAL_UART_DISABLE_IT( huart, UART_IT_TXE ); }
  79:Core/Src/fm_ring_buffer.c ****            else {
  80:Core/Src/fm_ring_buffer.c ****     	      // There is more data in the output buffer. Send the next byte
  81:Core/Src/fm_ring_buffer.c ****     	      unsigned char chr = TX_Buffer.fm_buffer[TX_Buffer.tail];
  82:Core/Src/fm_ring_buffer.c ****     	      TX_Buffer.tail = (TX_Buffer.tail + 1) % FM_UART2_BUFFER_SIZE;  
  83:Core/Src/fm_ring_buffer.c ****     	      huart->Instance->SR;
  84:Core/Src/fm_ring_buffer.c ****     	      huart->Instance->DR = chr; }
  85:Core/Src/fm_ring_buffer.c ****         return;    
  86:Core/Src/fm_ring_buffer.c ****     }  
  87:Core/Src/fm_ring_buffer.c **** }     
 232              		.loc 1 87 1 view .LVU49
 233 0020 08BD     		pop	{r3, pc}
 234              	.LVL11:
 235              	.L19:
 236              	.LBB2:
  70:Core/Src/fm_ring_buffer.c ****                 unsigned char chr = huart->Instance->DR;
 237              		.loc 1 70 17 is_stmt 1 view .LVU50
  70:Core/Src/fm_ring_buffer.c ****                 unsigned char chr = huart->Instance->DR;
 238              		.loc 1 70 32 is_stmt 0 view .LVU51
 239 0022 1A68     		ldr	r2, [r3]
 240              	.LVL12:
  71:Core/Src/fm_ring_buffer.c ****                 FM_RBuffer_Store_Data( chr,__RX_RBuffer );
 241              		.loc 1 71 17 is_stmt 1 view .LVU52
  71:Core/Src/fm_ring_buffer.c ****                 FM_RBuffer_Store_Data( chr,__RX_RBuffer );
 242              		.loc 1 71 52 is_stmt 0 view .LVU53
 243 0024 5868     		ldr	r0, [r3, #4]
 244              	.LVL13:
  72:Core/Src/fm_ring_buffer.c ****                 return;
 245              		.loc 1 72 17 is_stmt 1 view .LVU54
 246 0026 104B     		ldr	r3, .L22
 247 0028 1968     		ldr	r1, [r3]
 248              	.LVL14:
  72:Core/Src/fm_ring_buffer.c ****                 return;
 249              		.loc 1 72 17 is_stmt 0 view .LVU55
 250 002a C0B2     		uxtb	r0, r0
  72:Core/Src/fm_ring_buffer.c ****                 return;
 251              		.loc 1 72 17 view .LVU56
 252 002c FFF7FEFF 		bl	FM_RBuffer_Store_Data
 253              	.LVL15:
  73:Core/Src/fm_ring_buffer.c ****          }
 254              		.loc 1 73 17 is_stmt 1 view .LVU57
 255 0030 F6E7     		b	.L13
 256              	.LVL16:
ARM GAS  C:\Users\CDP~1.DAR\AppData\Local\Temp\cccURhSn.s 			page 7


 257              	.L20:
  73:Core/Src/fm_ring_buffer.c ****          }
 258              		.loc 1 73 17 is_stmt 0 view .LVU58
 259              	.LBE2:
  76:Core/Src/fm_ring_buffer.c ****     	      // Buffer empty, so disable interrupts
 260              		.loc 1 76 21 is_stmt 1 view .LVU59
  76:Core/Src/fm_ring_buffer.c ****     	      // Buffer empty, so disable interrupts
 261              		.loc 1 76 34 is_stmt 0 view .LVU60
 262 0032 0E4A     		ldr	r2, .L22+4
 263              	.LVL17:
  76:Core/Src/fm_ring_buffer.c ****     	      // Buffer empty, so disable interrupts
 264              		.loc 1 76 34 view .LVU61
 265 0034 D2F88010 		ldr	r1, [r2, #128]
 266              	.LVL18:
  76:Core/Src/fm_ring_buffer.c ****     	      // Buffer empty, so disable interrupts
 267              		.loc 1 76 52 view .LVU62
 268 0038 D2F88420 		ldr	r2, [r2, #132]
  76:Core/Src/fm_ring_buffer.c ****     	      // Buffer empty, so disable interrupts
 269              		.loc 1 76 23 view .LVU63
 270 003c 9142     		cmp	r1, r2
 271 003e 0ED0     		beq	.L21
 272              	.LBB3:
  81:Core/Src/fm_ring_buffer.c ****     	      TX_Buffer.tail = (TX_Buffer.tail + 1) % FM_UART2_BUFFER_SIZE;  
 273              		.loc 1 81 12 is_stmt 1 view .LVU64
  81:Core/Src/fm_ring_buffer.c ****     	      TX_Buffer.tail = (TX_Buffer.tail + 1) % FM_UART2_BUFFER_SIZE;  
 274              		.loc 1 81 61 is_stmt 0 view .LVU65
 275 0040 0A4A     		ldr	r2, .L22+4
 276 0042 D2F88430 		ldr	r3, [r2, #132]
  81:Core/Src/fm_ring_buffer.c ****     	      TX_Buffer.tail = (TX_Buffer.tail + 1) % FM_UART2_BUFFER_SIZE;  
 277              		.loc 1 81 26 view .LVU66
 278 0046 D15C     		ldrb	r1, [r2, r3]	@ zero_extendqisi2
 279              	.LVL19:
  82:Core/Src/fm_ring_buffer.c ****     	      huart->Instance->SR;
 280              		.loc 1 82 12 is_stmt 1 view .LVU67
  82:Core/Src/fm_ring_buffer.c ****     	      huart->Instance->SR;
 281              		.loc 1 82 39 is_stmt 0 view .LVU68
 282 0048 D2F88430 		ldr	r3, [r2, #132]
  82:Core/Src/fm_ring_buffer.c ****     	      huart->Instance->SR;
 283              		.loc 1 82 45 view .LVU69
 284 004c 0133     		adds	r3, r3, #1
  82:Core/Src/fm_ring_buffer.c ****     	      huart->Instance->SR;
 285              		.loc 1 82 50 view .LVU70
 286 004e 03F07F03 		and	r3, r3, #127
  82:Core/Src/fm_ring_buffer.c ****     	      huart->Instance->SR;
 287              		.loc 1 82 27 view .LVU71
 288 0052 C2F88430 		str	r3, [r2, #132]
  83:Core/Src/fm_ring_buffer.c ****     	      huart->Instance->DR = chr; }
 289              		.loc 1 83 12 is_stmt 1 view .LVU72
  83:Core/Src/fm_ring_buffer.c ****     	      huart->Instance->DR = chr; }
 290              		.loc 1 83 17 is_stmt 0 view .LVU73
 291 0056 0368     		ldr	r3, [r0]
  83:Core/Src/fm_ring_buffer.c ****     	      huart->Instance->DR = chr; }
 292              		.loc 1 83 27 view .LVU74
 293 0058 1A68     		ldr	r2, [r3]
  84:Core/Src/fm_ring_buffer.c ****         return;    
 294              		.loc 1 84 12 is_stmt 1 view .LVU75
  84:Core/Src/fm_ring_buffer.c ****         return;    
ARM GAS  C:\Users\CDP~1.DAR\AppData\Local\Temp\cccURhSn.s 			page 8


 295              		.loc 1 84 32 is_stmt 0 view .LVU76
 296 005a 5960     		str	r1, [r3, #4]
 297              	.LBE3:
  85:Core/Src/fm_ring_buffer.c ****     }  
 298              		.loc 1 85 9 is_stmt 1 view .LVU77
 299 005c E0E7     		b	.L13
 300              	.LVL20:
 301              	.L21:
  78:Core/Src/fm_ring_buffer.c ****            else {
 302              		.loc 1 78 17 view .LVU78
 303 005e DA68     		ldr	r2, [r3, #12]
 304 0060 22F08002 		bic	r2, r2, #128
 305 0064 DA60     		str	r2, [r3, #12]
 306 0066 DBE7     		b	.L13
 307              	.L23:
 308              		.align	2
 309              	.L22:
 310 0068 00000000 		.word	__RX_RBuffer
 311 006c 00000000 		.word	TX_Buffer
 312              		.cfi_endproc
 313              	.LFE73:
 315              		.section	.text.FM_RBuffer_Receive_Data,"ax",%progbits
 316              		.align	1
 317              		.global	FM_RBuffer_Receive_Data
 318              		.syntax unified
 319              		.thumb
 320              		.thumb_func
 322              	FM_RBuffer_Receive_Data:
 323              	.LFB74:
  88:Core/Src/fm_ring_buffer.c **** 
  89:Core/Src/fm_ring_buffer.c **** uint8_t FM_RBuffer_Receive_Data( void )
  90:Core/Src/fm_ring_buffer.c **** {
 324              		.loc 1 90 1 view -0
 325              		.cfi_startproc
 326              		@ args = 0, pretend = 0, frame = 0
 327              		@ frame_needed = 0, uses_anonymous_args = 0
 328              		@ link register save eliminated.
  91:Core/Src/fm_ring_buffer.c ****   // if the head isn't ahead of the tail, we don't have any characters
  92:Core/Src/fm_ring_buffer.c ****   if(__RX_RBuffer->head == __RX_RBuffer->tail) {
 329              		.loc 1 92 3 view .LVU80
 330              		.loc 1 92 18 is_stmt 0 view .LVU81
 331 0000 0A4B     		ldr	r3, .L27
 332 0002 1B68     		ldr	r3, [r3]
 333 0004 D3F88010 		ldr	r1, [r3, #128]
 334              		.loc 1 92 40 view .LVU82
 335 0008 D3F88420 		ldr	r2, [r3, #132]
 336              		.loc 1 92 5 view .LVU83
 337 000c 9142     		cmp	r1, r2
 338 000e 0AD0     		beq	.L26
 339              	.LBB4:
  93:Core/Src/fm_ring_buffer.c ****     return -1;
  94:Core/Src/fm_ring_buffer.c ****  } else {
  95:Core/Src/fm_ring_buffer.c ****     unsigned char chr = __RX_RBuffer->fm_buffer[__RX_RBuffer->tail];
 340              		.loc 1 95 5 is_stmt 1 view .LVU84
 341              		.loc 1 95 61 is_stmt 0 view .LVU85
 342 0010 D3F88420 		ldr	r2, [r3, #132]
 343              		.loc 1 95 19 view .LVU86
ARM GAS  C:\Users\CDP~1.DAR\AppData\Local\Temp\cccURhSn.s 			page 9


 344 0014 985C     		ldrb	r0, [r3, r2]	@ zero_extendqisi2
 345              	.LVL21:
  96:Core/Src/fm_ring_buffer.c ****     __RX_RBuffer->tail = (unsigned int)(__RX_RBuffer->tail + 1) % FM_UART2_BUFFER_SIZE;
 346              		.loc 1 96 5 is_stmt 1 view .LVU87
 347              		.loc 1 96 53 is_stmt 0 view .LVU88
 348 0016 D3F88420 		ldr	r2, [r3, #132]
 349              		.loc 1 96 26 view .LVU89
 350 001a 0132     		adds	r2, r2, #1
 351              		.loc 1 96 65 view .LVU90
 352 001c 02F07F02 		and	r2, r2, #127
 353              		.loc 1 96 24 view .LVU91
 354 0020 C3F88420 		str	r2, [r3, #132]
  97:Core/Src/fm_ring_buffer.c ****     return chr;
 355              		.loc 1 97 5 is_stmt 1 view .LVU92
 356              		.loc 1 97 12 is_stmt 0 view .LVU93
 357 0024 7047     		bx	lr
 358              	.LVL22:
 359              	.L26:
 360              		.loc 1 97 12 view .LVU94
 361              	.LBE4:
  93:Core/Src/fm_ring_buffer.c ****     return -1;
 362              		.loc 1 93 12 view .LVU95
 363 0026 FF20     		movs	r0, #255
  98:Core/Src/fm_ring_buffer.c ****   }
  99:Core/Src/fm_ring_buffer.c **** }
 364              		.loc 1 99 1 view .LVU96
 365 0028 7047     		bx	lr
 366              	.L28:
 367 002a 00BF     		.align	2
 368              	.L27:
 369 002c 00000000 		.word	__RX_RBuffer
 370              		.cfi_endproc
 371              	.LFE74:
 373              		.section	.text.FM_RBuffer_Peek,"ax",%progbits
 374              		.align	1
 375              		.global	FM_RBuffer_Peek
 376              		.syntax unified
 377              		.thumb
 378              		.thumb_func
 380              	FM_RBuffer_Peek:
 381              	.LFB75:
 100:Core/Src/fm_ring_buffer.c **** 
 101:Core/Src/fm_ring_buffer.c **** uint8_t FM_RBuffer_Peek( ) {
 382              		.loc 1 101 28 is_stmt 1 view -0
 383              		.cfi_startproc
 384              		@ args = 0, pretend = 0, frame = 0
 385              		@ frame_needed = 0, uses_anonymous_args = 0
 386              		@ link register save eliminated.
 102:Core/Src/fm_ring_buffer.c ****   if(__RX_RBuffer->head == __RX_RBuffer->tail) 
 387              		.loc 1 102 3 view .LVU98
 388              		.loc 1 102 18 is_stmt 0 view .LVU99
 389 0000 064B     		ldr	r3, .L32
 390 0002 1B68     		ldr	r3, [r3]
 391 0004 D3F88010 		ldr	r1, [r3, #128]
 392              		.loc 1 102 40 view .LVU100
 393 0008 D3F88420 		ldr	r2, [r3, #132]
 394              		.loc 1 102 5 view .LVU101
ARM GAS  C:\Users\CDP~1.DAR\AppData\Local\Temp\cccURhSn.s 			page 10


 395 000c 9142     		cmp	r1, r2
 396 000e 03D0     		beq	.L31
 103:Core/Src/fm_ring_buffer.c ****   {
 104:Core/Src/fm_ring_buffer.c ****         return -1;
 105:Core/Src/fm_ring_buffer.c ****   } else
 106:Core/Src/fm_ring_buffer.c ****    {
 107:Core/Src/fm_ring_buffer.c ****         return __RX_RBuffer->fm_buffer[__RX_RBuffer->tail];
 397              		.loc 1 107 9 is_stmt 1 view .LVU102
 398              		.loc 1 107 52 is_stmt 0 view .LVU103
 399 0010 D3F88420 		ldr	r2, [r3, #132]
 400              		.loc 1 107 39 view .LVU104
 401 0014 985C     		ldrb	r0, [r3, r2]	@ zero_extendqisi2
 402 0016 7047     		bx	lr
 403              	.L31:
 104:Core/Src/fm_ring_buffer.c ****   } else
 404              		.loc 1 104 16 view .LVU105
 405 0018 FF20     		movs	r0, #255
 108:Core/Src/fm_ring_buffer.c ****    }
 109:Core/Src/fm_ring_buffer.c **** }
 406              		.loc 1 109 1 view .LVU106
 407 001a 7047     		bx	lr
 408              	.L33:
 409              		.align	2
 410              	.L32:
 411 001c 00000000 		.word	__RX_RBuffer
 412              		.cfi_endproc
 413              	.LFE75:
 415              		.section	.text.FM_RBuffer_Write_Data,"ax",%progbits
 416              		.align	1
 417              		.global	FM_RBuffer_Write_Data
 418              		.syntax unified
 419              		.thumb
 420              		.thumb_func
 422              	FM_RBuffer_Write_Data:
 423              	.LVL23:
 424              	.LFB76:
 110:Core/Src/fm_ring_buffer.c **** 
 111:Core/Src/fm_ring_buffer.c **** 
 112:Core/Src/fm_ring_buffer.c **** void    FM_RBuffer_Write_Data( uint8_t chr )
 113:Core/Src/fm_ring_buffer.c **** {
 425              		.loc 1 113 1 is_stmt 1 view -0
 426              		.cfi_startproc
 427              		@ args = 0, pretend = 0, frame = 0
 428              		@ frame_needed = 0, uses_anonymous_args = 0
 429              		@ link register save eliminated.
 114:Core/Src/fm_ring_buffer.c **** 	if (chr>=0)
 430              		.loc 1 114 2 view .LVU108
 431              	.LBB5:
 115:Core/Src/fm_ring_buffer.c **** 	{
 116:Core/Src/fm_ring_buffer.c **** 		int i = (__TX_RBuffer->head + 1) % FM_UART2_BUFFER_SIZE;
 432              		.loc 1 116 3 view .LVU109
 433              		.loc 1 116 24 is_stmt 0 view .LVU110
 434 0000 0C4B     		ldr	r3, .L36
 435 0002 1968     		ldr	r1, [r3]
 436 0004 D1F88020 		ldr	r2, [r1, #128]
 437              		.loc 1 116 31 view .LVU111
 438 0008 0132     		adds	r2, r2, #1
ARM GAS  C:\Users\CDP~1.DAR\AppData\Local\Temp\cccURhSn.s 			page 11


 439 000a 02F07F02 		and	r2, r2, #127
 440              	.LVL24:
 117:Core/Src/fm_ring_buffer.c **** 		while (i == __TX_RBuffer->tail);
 441              		.loc 1 117 3 is_stmt 1 view .LVU112
 442              	.L35:
 443              		.loc 1 117 12 discriminator 1 view .LVU113
 444              		.loc 1 117 27 is_stmt 0 discriminator 1 view .LVU114
 445 000e D1F88430 		ldr	r3, [r1, #132]
 446              		.loc 1 117 12 discriminator 1 view .LVU115
 447 0012 9342     		cmp	r3, r2
 448 0014 FBD0     		beq	.L35
 118:Core/Src/fm_ring_buffer.c **** 
 119:Core/Src/fm_ring_buffer.c **** 		__TX_RBuffer->fm_buffer[__TX_RBuffer->head] = (uint8_t)chr;
 449              		.loc 1 119 3 is_stmt 1 view .LVU116
 450              		.loc 1 119 39 is_stmt 0 view .LVU117
 451 0016 D1F88030 		ldr	r3, [r1, #128]
 452              		.loc 1 119 47 view .LVU118
 453 001a C854     		strb	r0, [r1, r3]
 120:Core/Src/fm_ring_buffer.c **** 		__TX_RBuffer->head = i;
 454              		.loc 1 120 3 is_stmt 1 view .LVU119
 455              		.loc 1 120 15 is_stmt 0 view .LVU120
 456 001c 054B     		ldr	r3, .L36
 457 001e 1B68     		ldr	r3, [r3]
 458              		.loc 1 120 22 view .LVU121
 459 0020 C3F88020 		str	r2, [r3, #128]
 121:Core/Src/fm_ring_buffer.c **** 
 122:Core/Src/fm_ring_buffer.c **** 		__HAL_UART_ENABLE_IT(FM_RBUFFER_UART2, UART_IT_TXE); // Enable UART transmission interrupt
 460              		.loc 1 122 3 is_stmt 1 view .LVU122
 461 0024 044B     		ldr	r3, .L36+4
 462 0026 1A68     		ldr	r2, [r3]
 463              	.LVL25:
 464              		.loc 1 122 3 is_stmt 0 view .LVU123
 465 0028 D368     		ldr	r3, [r2, #12]
 466 002a 43F08003 		orr	r3, r3, #128
 467 002e D360     		str	r3, [r2, #12]
 468              	.LVL26:
 469              		.loc 1 122 3 view .LVU124
 470              	.LBE5:
 123:Core/Src/fm_ring_buffer.c **** 	}
 124:Core/Src/fm_ring_buffer.c **** }
 471              		.loc 1 124 1 view .LVU125
 472 0030 7047     		bx	lr
 473              	.L37:
 474 0032 00BF     		.align	2
 475              	.L36:
 476 0034 00000000 		.word	__TX_RBuffer
 477 0038 00000000 		.word	huart2
 478              		.cfi_endproc
 479              	.LFE76:
 481              		.section	.text.Uart_printbase,"ax",%progbits
 482              		.align	1
 483              		.global	Uart_printbase
 484              		.syntax unified
 485              		.thumb
 486              		.thumb_func
 488              	Uart_printbase:
 489              	.LVL27:
ARM GAS  C:\Users\CDP~1.DAR\AppData\Local\Temp\cccURhSn.s 			page 12


 490              	.LFB72:
  47:Core/Src/fm_ring_buffer.c ****   char buf[8 * sizeof(long) + 1]; // Assumes 8-bit chars plus zero byte.
 491              		.loc 1 47 1 is_stmt 1 view -0
 492              		.cfi_startproc
 493              		@ args = 0, pretend = 0, frame = 40
 494              		@ frame_needed = 0, uses_anonymous_args = 0
  47:Core/Src/fm_ring_buffer.c ****   char buf[8 * sizeof(long) + 1]; // Assumes 8-bit chars plus zero byte.
 495              		.loc 1 47 1 is_stmt 0 view .LVU127
 496 0000 10B5     		push	{r4, lr}
 497              	.LCFI2:
 498              		.cfi_def_cfa_offset 8
 499              		.cfi_offset 4, -8
 500              		.cfi_offset 14, -4
 501 0002 8AB0     		sub	sp, sp, #40
 502              	.LCFI3:
 503              		.cfi_def_cfa_offset 48
  48:Core/Src/fm_ring_buffer.c ****   char *s = &buf[sizeof(buf) - 1];
 504              		.loc 1 48 3 is_stmt 1 view .LVU128
  49:Core/Src/fm_ring_buffer.c ****   *s = '\0';
 505              		.loc 1 49 3 view .LVU129
 506              	.LVL28:
  50:Core/Src/fm_ring_buffer.c ****   // prevent crash if called with base == 1
 507              		.loc 1 50 3 view .LVU130
  50:Core/Src/fm_ring_buffer.c ****   // prevent crash if called with base == 1
 508              		.loc 1 50 6 is_stmt 0 view .LVU131
 509 0004 0023     		movs	r3, #0
 510 0006 8DF82430 		strb	r3, [sp, #36]
  52:Core/Src/fm_ring_buffer.c ****   do {
 511              		.loc 1 52 3 is_stmt 1 view .LVU132
  52:Core/Src/fm_ring_buffer.c ****   do {
 512              		.loc 1 52 6 is_stmt 0 view .LVU133
 513 000a 0129     		cmp	r1, #1
 514 000c 01D9     		bls	.L47
 515              	.LVL29:
 516              	.L39:
  52:Core/Src/fm_ring_buffer.c ****   do {
 517              		.loc 1 52 22 discriminator 1 view .LVU134
 518 000e 09AC     		add	r4, sp, #36
 519              	.LVL30:
  52:Core/Src/fm_ring_buffer.c ****   do {
 520              		.loc 1 52 22 discriminator 1 view .LVU135
 521 0010 06E0     		b	.L42
 522              	.LVL31:
 523              	.L47:
  52:Core/Src/fm_ring_buffer.c ****   do {
 524              		.loc 1 52 22 discriminator 1 view .LVU136
 525 0012 0A21     		movs	r1, #10
 526              	.LVL32:
  52:Core/Src/fm_ring_buffer.c ****   do {
 527              		.loc 1 52 22 discriminator 1 view .LVU137
 528 0014 FBE7     		b	.L39
 529              	.LVL33:
 530              	.L48:
 531              	.LBB6:
  57:Core/Src/fm_ring_buffer.c ****   } while(n);
 532              		.loc 1 57 10 discriminator 1 view .LVU138
 533 0016 3033     		adds	r3, r3, #48
ARM GAS  C:\Users\CDP~1.DAR\AppData\Local\Temp\cccURhSn.s 			page 13


 534              	.LVL34:
  57:Core/Src/fm_ring_buffer.c ****   } while(n);
 535              		.loc 1 57 10 discriminator 1 view .LVU139
 536 0018 DBB2     		uxtb	r3, r3
 537              	.LVL35:
 538              	.L41:
  57:Core/Src/fm_ring_buffer.c ****   } while(n);
 539              		.loc 1 57 10 discriminator 4 view .LVU140
 540 001a 04F8013D 		strb	r3, [r4, #-1]!
 541              	.LVL36:
  57:Core/Src/fm_ring_buffer.c ****   } while(n);
 542              		.loc 1 57 10 discriminator 4 view .LVU141
 543              	.LBE6:
  58:Core/Src/fm_ring_buffer.c ****   while(*s) FM_RBuffer_Write_Data(*s++);
 544              		.loc 1 58 11 is_stmt 1 view .LVU142
 545 001e 80B1     		cbz	r0, .L43
 546              	.LVL37:
 547              	.L42:
  53:Core/Src/fm_ring_buffer.c ****     unsigned long m = n;
 548              		.loc 1 53 3 view .LVU143
 549              	.LBB7:
  54:Core/Src/fm_ring_buffer.c ****     n /= base;
 550              		.loc 1 54 5 view .LVU144
  55:Core/Src/fm_ring_buffer.c ****     char c = m - base * n;
 551              		.loc 1 55 5 view .LVU145
 552 0020 0346     		mov	r3, r0
  55:Core/Src/fm_ring_buffer.c ****     char c = m - base * n;
 553              		.loc 1 55 7 is_stmt 0 view .LVU146
 554 0022 90FBF1F0 		sdiv	r0, r0, r1
 555              	.LVL38:
  56:Core/Src/fm_ring_buffer.c ****     *--s = c < 10 ? c + '0' : c + 'A' - 10;
 556              		.loc 1 56 5 is_stmt 1 view .LVU147
  56:Core/Src/fm_ring_buffer.c ****     *--s = c < 10 ? c + '0' : c + 'A' - 10;
 557              		.loc 1 56 16 is_stmt 0 view .LVU148
 558 0026 DBB2     		uxtb	r3, r3
 559              	.LVL39:
  56:Core/Src/fm_ring_buffer.c ****     *--s = c < 10 ? c + '0' : c + 'A' - 10;
 560              		.loc 1 56 16 view .LVU149
 561 0028 00FB01F2 		mul	r2, r0, r1
 562 002c D2B2     		uxtb	r2, r2
  56:Core/Src/fm_ring_buffer.c ****     *--s = c < 10 ? c + '0' : c + 'A' - 10;
 563              		.loc 1 56 10 view .LVU150
 564 002e 9B1A     		subs	r3, r3, r2
 565 0030 DBB2     		uxtb	r3, r3
 566              	.LVL40:
  57:Core/Src/fm_ring_buffer.c ****   } while(n);
 567              		.loc 1 57 5 is_stmt 1 view .LVU151
  57:Core/Src/fm_ring_buffer.c ****   } while(n);
 568              		.loc 1 57 10 is_stmt 0 view .LVU152
 569 0032 092B     		cmp	r3, #9
 570 0034 EFD9     		bls	.L48
  57:Core/Src/fm_ring_buffer.c ****   } while(n);
 571              		.loc 1 57 10 discriminator 2 view .LVU153
 572 0036 3733     		adds	r3, r3, #55
 573              	.LVL41:
  57:Core/Src/fm_ring_buffer.c ****   } while(n);
 574              		.loc 1 57 10 discriminator 2 view .LVU154
ARM GAS  C:\Users\CDP~1.DAR\AppData\Local\Temp\cccURhSn.s 			page 14


 575 0038 DBB2     		uxtb	r3, r3
 576              	.LVL42:
  57:Core/Src/fm_ring_buffer.c ****   } while(n);
 577              		.loc 1 57 10 discriminator 2 view .LVU155
 578 003a EEE7     		b	.L41
 579              	.LVL43:
 580              	.L44:
  57:Core/Src/fm_ring_buffer.c ****   } while(n);
 581              		.loc 1 57 10 discriminator 2 view .LVU156
 582              	.LBE7:
  59:Core/Src/fm_ring_buffer.c **** }
 583              		.loc 1 59 13 is_stmt 1 discriminator 2 view .LVU157
  59:Core/Src/fm_ring_buffer.c **** }
 584              		.loc 1 59 37 is_stmt 0 discriminator 2 view .LVU158
 585 003c 0134     		adds	r4, r4, #1
 586              	.LVL44:
  59:Core/Src/fm_ring_buffer.c **** }
 587              		.loc 1 59 13 discriminator 2 view .LVU159
 588 003e FFF7FEFF 		bl	FM_RBuffer_Write_Data
 589              	.LVL45:
 590              	.L43:
  59:Core/Src/fm_ring_buffer.c **** }
 591              		.loc 1 59 9 is_stmt 1 discriminator 1 view .LVU160
 592 0042 2078     		ldrb	r0, [r4]	@ zero_extendqisi2
 593 0044 0028     		cmp	r0, #0
 594 0046 F9D1     		bne	.L44
  60:Core/Src/fm_ring_buffer.c **** 
 595              		.loc 1 60 1 is_stmt 0 view .LVU161
 596 0048 0AB0     		add	sp, sp, #40
 597              	.LCFI4:
 598              		.cfi_def_cfa_offset 8
 599              		@ sp needed
 600 004a 10BD     		pop	{r4, pc}
  60:Core/Src/fm_ring_buffer.c **** 
 601              		.loc 1 60 1 view .LVU162
 602              		.cfi_endproc
 603              	.LFE72:
 605              		.section	.text.FM_RBuffer_Waiting,"ax",%progbits
 606              		.align	1
 607              		.global	FM_RBuffer_Waiting
 608              		.syntax unified
 609              		.thumb
 610              		.thumb_func
 612              	FM_RBuffer_Waiting:
 613              	.LVL46:
 614              	.LFB77:
 125:Core/Src/fm_ring_buffer.c **** 
 126:Core/Src/fm_ring_buffer.c **** uint8_t  FM_RBuffer_Waiting( char *str ){
 615              		.loc 1 126 41 is_stmt 1 view -0
 616              		.cfi_startproc
 617              		@ args = 0, pretend = 0, frame = 0
 618              		@ frame_needed = 0, uses_anonymous_args = 0
 619              		.loc 1 126 41 is_stmt 0 view .LVU164
 620 0000 70B5     		push	{r4, r5, r6, lr}
 621              	.LCFI5:
 622              		.cfi_def_cfa_offset 16
 623              		.cfi_offset 4, -16
ARM GAS  C:\Users\CDP~1.DAR\AppData\Local\Temp\cccURhSn.s 			page 15


 624              		.cfi_offset 5, -12
 625              		.cfi_offset 6, -8
 626              		.cfi_offset 14, -4
 627 0002 0446     		mov	r4, r0
 127:Core/Src/fm_ring_buffer.c **** 	uint16_t l_waitting = 0;
 628              		.loc 1 127 2 is_stmt 1 view .LVU165
 629              	.LVL47:
 128:Core/Src/fm_ring_buffer.c **** 	uint16_t l_len = strlen ( str );
 630              		.loc 1 128 2 view .LVU166
 631              		.loc 1 128 19 is_stmt 0 view .LVU167
 632 0004 FFF7FEFF 		bl	strlen
 633              	.LVL48:
 634              		.loc 1 128 11 discriminator 1 view .LVU168
 635 0008 85B2     		uxth	r5, r0
 636              	.LVL49:
 637              	.L50:
 129:Core/Src/fm_ring_buffer.c **** 
 130:Core/Src/fm_ring_buffer.c **** again:
 131:Core/Src/fm_ring_buffer.c **** 	FM_RBUFFER_TIMEOUT = FM_RBUFFER_TIMEOUT_DEF;
 638              		.loc 1 131 2 is_stmt 1 view .LVU169
 639              		.loc 1 131 21 is_stmt 0 view .LVU170
 640 000a 2A4B     		ldr	r3, .L67
 641 000c 4FF4FA72 		mov	r2, #500
 642 0010 1A80     		strh	r2, [r3]	@ movhi
 132:Core/Src/fm_ring_buffer.c **** 	while ((!FM_RBuffer_Checking_Data_Is_Available()) && FM_RBUFFER_TIMEOUT );  // let's wait for the 
 643              		.loc 1 132 2 is_stmt 1 view .LVU171
 644              	.L52:
 645              		.loc 1 132 52 discriminator 2 view .LVU172
 646              		.loc 1 132 11 is_stmt 0 discriminator 2 view .LVU173
 647 0012 FFF7FEFF 		bl	FM_RBuffer_Checking_Data_Is_Available
 648              	.LVL50:
 649              		.loc 1 132 52 discriminator 2 view .LVU174
 650 0016 18B9     		cbnz	r0, .L51
 651              		.loc 1 132 52 discriminator 1 view .LVU175
 652 0018 264B     		ldr	r3, .L67
 653 001a 1B88     		ldrh	r3, [r3]
 654 001c 002B     		cmp	r3, #0
 655 001e F8D1     		bne	.L52
 656              	.L51:
 133:Core/Src/fm_ring_buffer.c **** 	if (FM_RBUFFER_TIMEOUT == 0) return 0;    
 657              		.loc 1 133 2 is_stmt 1 view .LVU176
 658              		.loc 1 133 25 is_stmt 0 view .LVU177
 659 0020 244B     		ldr	r3, .L67
 660 0022 1B88     		ldrh	r3, [r3]
 661              		.loc 1 133 5 view .LVU178
 662 0024 002B     		cmp	r3, #0
 663 0026 3ED0     		beq	.L64
 664              	.L54:
 134:Core/Src/fm_ring_buffer.c **** 	while ( FM_RBuffer_Peek() != str[ l_waitting ] )  // peek in the rx_buffer to see if we get the st
 665              		.loc 1 134 28 is_stmt 1 view .LVU179
 666              		.loc 1 134 10 is_stmt 0 view .LVU180
 667 0028 FFF7FEFF 		bl	FM_RBuffer_Peek
 668              	.LVL51:
 669              		.loc 1 134 28 discriminator 1 view .LVU181
 670 002c 2378     		ldrb	r3, [r4]	@ zero_extendqisi2
 671 002e 8342     		cmp	r3, r0
 672 0030 0FD0     		beq	.L65
ARM GAS  C:\Users\CDP~1.DAR\AppData\Local\Temp\cccURhSn.s 			page 16


 135:Core/Src/fm_ring_buffer.c **** 	{
 136:Core/Src/fm_ring_buffer.c **** 		if (__RX_RBuffer->tail != __RX_RBuffer->head)
 673              		.loc 1 136 3 is_stmt 1 view .LVU182
 674              		.loc 1 136 19 is_stmt 0 view .LVU183
 675 0032 214B     		ldr	r3, .L67+4
 676 0034 1A68     		ldr	r2, [r3]
 677 0036 D2F88410 		ldr	r1, [r2, #132]
 678              		.loc 1 136 41 view .LVU184
 679 003a D2F88030 		ldr	r3, [r2, #128]
 680              		.loc 1 136 6 view .LVU185
 681 003e 9942     		cmp	r1, r3
 682 0040 33D0     		beq	.L61
 137:Core/Src/fm_ring_buffer.c **** 		{
 138:Core/Src/fm_ring_buffer.c **** 			__RX_RBuffer->tail = (unsigned int)(__RX_RBuffer->tail + 1) % FM_UART2_BUFFER_SIZE;  // incremen
 683              		.loc 1 138 4 is_stmt 1 view .LVU186
 684              		.loc 1 138 52 is_stmt 0 view .LVU187
 685 0042 D2F88430 		ldr	r3, [r2, #132]
 686              		.loc 1 138 25 view .LVU188
 687 0046 0133     		adds	r3, r3, #1
 688              		.loc 1 138 64 view .LVU189
 689 0048 03F07F03 		and	r3, r3, #127
 690              		.loc 1 138 23 view .LVU190
 691 004c C2F88430 		str	r3, [r2, #132]
 692 0050 EAE7     		b	.L54
 693              	.L65:
 694 0052 0026     		movs	r6, #0
 695 0054 02E0     		b	.L56
 696              	.LVL52:
 697              	.L57:
 139:Core/Src/fm_ring_buffer.c **** 		}
 140:Core/Src/fm_ring_buffer.c ****         		else
 141:Core/Src/fm_ring_buffer.c **** 		{
 142:Core/Src/fm_ring_buffer.c **** 			return 0;
 143:Core/Src/fm_ring_buffer.c **** 		}
 144:Core/Src/fm_ring_buffer.c **** 	}
 145:Core/Src/fm_ring_buffer.c **** 	while (FM_RBuffer_Peek() == str [ l_waitting ]) // if we got the first letter of the string
 146:Core/Src/fm_ring_buffer.c **** 	{
 147:Core/Src/fm_ring_buffer.c **** 		// now we will peek for the other letters too
 148:Core/Src/fm_ring_buffer.c **** 		l_waitting++;
 149:Core/Src/fm_ring_buffer.c **** 		__RX_RBuffer->tail = (unsigned int)(__RX_RBuffer->tail + 1) % FM_UART2_BUFFER_SIZE;  // increment
 150:Core/Src/fm_ring_buffer.c **** 		FM_RBUFFER_TIMEOUT = FM_RBUFFER_TIMEOUT_DEF;
 151:Core/Src/fm_ring_buffer.c **** 		while ((!FM_RBuffer_Checking_Data_Is_Available())&&FM_RBUFFER_TIMEOUT);
 152:Core/Src/fm_ring_buffer.c **** 		if (FM_RBUFFER_TIMEOUT == 0) return 0;
 698              		.loc 1 152 3 is_stmt 1 view .LVU191
 699              		.loc 1 152 26 is_stmt 0 view .LVU192
 700 0056 174B     		ldr	r3, .L67
 701 0058 1B88     		ldrh	r3, [r3]
 702              		.loc 1 152 6 view .LVU193
 703 005a 43B3     		cbz	r3, .L62
 704              	.LVL53:
 705              	.L56:
 145:Core/Src/fm_ring_buffer.c **** 	{
 706              		.loc 1 145 27 is_stmt 1 view .LVU194
 145:Core/Src/fm_ring_buffer.c **** 	{
 707              		.loc 1 145 9 is_stmt 0 view .LVU195
 708 005c FFF7FEFF 		bl	FM_RBuffer_Peek
 709              	.LVL54:
ARM GAS  C:\Users\CDP~1.DAR\AppData\Local\Temp\cccURhSn.s 			page 17


 145:Core/Src/fm_ring_buffer.c **** 	{
 710              		.loc 1 145 27 discriminator 1 view .LVU196
 711 0060 A35D     		ldrb	r3, [r4, r6]	@ zero_extendqisi2
 712 0062 8342     		cmp	r3, r0
 713 0064 17D1     		bne	.L66
 148:Core/Src/fm_ring_buffer.c **** 		__RX_RBuffer->tail = (unsigned int)(__RX_RBuffer->tail + 1) % FM_UART2_BUFFER_SIZE;  // increment
 714              		.loc 1 148 3 is_stmt 1 view .LVU197
 148:Core/Src/fm_ring_buffer.c **** 		__RX_RBuffer->tail = (unsigned int)(__RX_RBuffer->tail + 1) % FM_UART2_BUFFER_SIZE;  // increment
 715              		.loc 1 148 13 is_stmt 0 view .LVU198
 716 0066 0136     		adds	r6, r6, #1
 717              	.LVL55:
 148:Core/Src/fm_ring_buffer.c **** 		__RX_RBuffer->tail = (unsigned int)(__RX_RBuffer->tail + 1) % FM_UART2_BUFFER_SIZE;  // increment
 718              		.loc 1 148 13 view .LVU199
 719 0068 B6B2     		uxth	r6, r6
 720              	.LVL56:
 149:Core/Src/fm_ring_buffer.c **** 		FM_RBUFFER_TIMEOUT = FM_RBUFFER_TIMEOUT_DEF;
 721              		.loc 1 149 3 is_stmt 1 view .LVU200
 149:Core/Src/fm_ring_buffer.c **** 		FM_RBUFFER_TIMEOUT = FM_RBUFFER_TIMEOUT_DEF;
 722              		.loc 1 149 51 is_stmt 0 view .LVU201
 723 006a 134B     		ldr	r3, .L67+4
 724 006c 1A68     		ldr	r2, [r3]
 725 006e D2F88430 		ldr	r3, [r2, #132]
 149:Core/Src/fm_ring_buffer.c **** 		FM_RBUFFER_TIMEOUT = FM_RBUFFER_TIMEOUT_DEF;
 726              		.loc 1 149 24 view .LVU202
 727 0072 0133     		adds	r3, r3, #1
 149:Core/Src/fm_ring_buffer.c **** 		FM_RBUFFER_TIMEOUT = FM_RBUFFER_TIMEOUT_DEF;
 728              		.loc 1 149 63 view .LVU203
 729 0074 03F07F03 		and	r3, r3, #127
 149:Core/Src/fm_ring_buffer.c **** 		FM_RBUFFER_TIMEOUT = FM_RBUFFER_TIMEOUT_DEF;
 730              		.loc 1 149 22 view .LVU204
 731 0078 C2F88430 		str	r3, [r2, #132]
 150:Core/Src/fm_ring_buffer.c **** 		while ((!FM_RBuffer_Checking_Data_Is_Available())&&FM_RBUFFER_TIMEOUT);
 732              		.loc 1 150 3 is_stmt 1 view .LVU205
 150:Core/Src/fm_ring_buffer.c **** 		while ((!FM_RBuffer_Checking_Data_Is_Available())&&FM_RBUFFER_TIMEOUT);
 733              		.loc 1 150 22 is_stmt 0 view .LVU206
 734 007c 0D4B     		ldr	r3, .L67
 735 007e 4FF4FA72 		mov	r2, #500
 736 0082 1A80     		strh	r2, [r3]	@ movhi
 151:Core/Src/fm_ring_buffer.c **** 		if (FM_RBUFFER_TIMEOUT == 0) return 0;
 737              		.loc 1 151 3 is_stmt 1 view .LVU207
 738              	.L58:
 151:Core/Src/fm_ring_buffer.c **** 		if (FM_RBUFFER_TIMEOUT == 0) return 0;
 739              		.loc 1 151 52 discriminator 2 view .LVU208
 151:Core/Src/fm_ring_buffer.c **** 		if (FM_RBUFFER_TIMEOUT == 0) return 0;
 740              		.loc 1 151 12 is_stmt 0 discriminator 2 view .LVU209
 741 0084 FFF7FEFF 		bl	FM_RBuffer_Checking_Data_Is_Available
 742              	.LVL57:
 151:Core/Src/fm_ring_buffer.c **** 		if (FM_RBUFFER_TIMEOUT == 0) return 0;
 743              		.loc 1 151 52 discriminator 2 view .LVU210
 744 0088 0028     		cmp	r0, #0
 745 008a E4D1     		bne	.L57
 151:Core/Src/fm_ring_buffer.c **** 		if (FM_RBUFFER_TIMEOUT == 0) return 0;
 746              		.loc 1 151 52 discriminator 1 view .LVU211
 747 008c 094B     		ldr	r3, .L67
 748 008e 1B88     		ldrh	r3, [r3]
 749 0090 002B     		cmp	r3, #0
 750 0092 F7D1     		bne	.L58
ARM GAS  C:\Users\CDP~1.DAR\AppData\Local\Temp\cccURhSn.s 			page 18


 751 0094 DFE7     		b	.L57
 752              	.L66:
 153:Core/Src/fm_ring_buffer.c **** 	}
 154:Core/Src/fm_ring_buffer.c **** 
 155:Core/Src/fm_ring_buffer.c **** 	if (l_waitting != l_len)
 753              		.loc 1 155 2 is_stmt 1 view .LVU212
 754              		.loc 1 155 5 is_stmt 0 view .LVU213
 755 0096 AE42     		cmp	r6, r5
 756 0098 B7D1     		bne	.L50
 156:Core/Src/fm_ring_buffer.c **** 	{
 157:Core/Src/fm_ring_buffer.c **** 		l_waitting = 0;
 158:Core/Src/fm_ring_buffer.c **** 		goto again;
 159:Core/Src/fm_ring_buffer.c **** 	}
 160:Core/Src/fm_ring_buffer.c **** 
 161:Core/Src/fm_ring_buffer.c **** 	if (l_waitting == l_len) {
 757              		.loc 1 161 2 is_stmt 1 view .LVU214
 162:Core/Src/fm_ring_buffer.c ****             return __RX_RBuffer->tail ;     
 758              		.loc 1 162 13 view .LVU215
 759              		.loc 1 162 32 is_stmt 0 view .LVU216
 760 009a 074B     		ldr	r3, .L67+4
 761 009c 1B68     		ldr	r3, [r3]
 762 009e D3F88400 		ldr	r0, [r3, #132]
 763 00a2 C0B2     		uxtb	r0, r0
 764 00a4 02E0     		b	.L53
 765              	.LVL58:
 766              	.L64:
 133:Core/Src/fm_ring_buffer.c **** 	while ( FM_RBuffer_Peek() != str[ l_waitting ] )  // peek in the rx_buffer to see if we get the st
 767              		.loc 1 133 38 discriminator 1 view .LVU217
 768 00a6 0020     		movs	r0, #0
 769 00a8 00E0     		b	.L53
 770              	.L61:
 142:Core/Src/fm_ring_buffer.c **** 		}
 771              		.loc 1 142 11 view .LVU218
 772 00aa 0020     		movs	r0, #0
 773              	.LVL59:
 774              	.L53:
 163:Core/Src/fm_ring_buffer.c ****     } else {
 164:Core/Src/fm_ring_buffer.c ****         return 0;}
 165:Core/Src/fm_ring_buffer.c **** }
 775              		.loc 1 165 1 view .LVU219
 776 00ac 70BD     		pop	{r4, r5, r6, pc}
 777              	.LVL60:
 778              	.L62:
 152:Core/Src/fm_ring_buffer.c **** 	}
 779              		.loc 1 152 39 discriminator 1 view .LVU220
 780 00ae 0020     		movs	r0, #0
 781 00b0 FCE7     		b	.L53
 782              	.L68:
 783 00b2 00BF     		.align	2
 784              	.L67:
 785 00b4 00000000 		.word	FM_RBUFFER_TIMEOUT
 786 00b8 00000000 		.word	__RX_RBuffer
 787              		.cfi_endproc
 788              	.LFE77:
 790              		.section	.text.FM_RBuffer_Erase_Buffer,"ax",%progbits
 791              		.align	1
 792              		.global	FM_RBuffer_Erase_Buffer
ARM GAS  C:\Users\CDP~1.DAR\AppData\Local\Temp\cccURhSn.s 			page 19


 793              		.syntax unified
 794              		.thumb
 795              		.thumb_func
 797              	FM_RBuffer_Erase_Buffer:
 798              	.LFB78:
 166:Core/Src/fm_ring_buffer.c **** 
 167:Core/Src/fm_ring_buffer.c **** void    FM_RBuffer_Erase_Buffer (void ){
 799              		.loc 1 167 40 is_stmt 1 view -0
 800              		.cfi_startproc
 801              		@ args = 0, pretend = 0, frame = 0
 802              		@ frame_needed = 0, uses_anonymous_args = 0
 803 0000 10B5     		push	{r4, lr}
 804              	.LCFI6:
 805              		.cfi_def_cfa_offset 8
 806              		.cfi_offset 4, -8
 807              		.cfi_offset 14, -4
 168:Core/Src/fm_ring_buffer.c ****             memset(__RX_RBuffer->fm_buffer,'\0', FM_UART2_BUFFER_SIZE);
 808              		.loc 1 168 13 view .LVU222
 809              		.loc 1 168 32 is_stmt 0 view .LVU223
 810 0002 064C     		ldr	r4, .L71
 811              		.loc 1 168 13 view .LVU224
 812 0004 8022     		movs	r2, #128
 813 0006 0021     		movs	r1, #0
 814 0008 2068     		ldr	r0, [r4]
 815 000a FFF7FEFF 		bl	memset
 816              	.LVL61:
 169:Core/Src/fm_ring_buffer.c **** 	        __RX_RBuffer->head = 0;
 817              		.loc 1 169 10 is_stmt 1 view .LVU225
 818              		.loc 1 169 22 is_stmt 0 view .LVU226
 819 000e 2368     		ldr	r3, [r4]
 820              		.loc 1 169 29 view .LVU227
 821 0010 0022     		movs	r2, #0
 822 0012 C3F88020 		str	r2, [r3, #128]
 170:Core/Src/fm_ring_buffer.c **** 	        __RX_RBuffer->tail = 0;
 823              		.loc 1 170 10 is_stmt 1 view .LVU228
 824              		.loc 1 170 29 is_stmt 0 view .LVU229
 825 0016 C3F88420 		str	r2, [r3, #132]
 171:Core/Src/fm_ring_buffer.c **** 
 172:Core/Src/fm_ring_buffer.c **** }
 826              		.loc 1 172 1 view .LVU230
 827 001a 10BD     		pop	{r4, pc}
 828              	.L72:
 829              		.align	2
 830              	.L71:
 831 001c 00000000 		.word	__RX_RBuffer
 832              		.cfi_endproc
 833              	.LFE78:
 835              		.section	.text.FM_RBuffer_Get_Data_From_Buffer,"ax",%progbits
 836              		.align	1
 837              		.global	FM_RBuffer_Get_Data_From_Buffer
 838              		.syntax unified
 839              		.thumb
 840              		.thumb_func
 842              	FM_RBuffer_Get_Data_From_Buffer:
 843              	.LVL62:
 844              	.LFB79:
 173:Core/Src/fm_ring_buffer.c **** 
ARM GAS  C:\Users\CDP~1.DAR\AppData\Local\Temp\cccURhSn.s 			page 20


 174:Core/Src/fm_ring_buffer.c **** 
 175:Core/Src/fm_ring_buffer.c **** void    FM_RBuffer_Get_Data_From_Buffer(char *startString, char *endString, char *buffertocopyfrom,
 176:Core/Src/fm_ring_buffer.c **** {
 845              		.loc 1 176 1 is_stmt 1 view -0
 846              		.cfi_startproc
 847              		@ args = 0, pretend = 0, frame = 0
 848              		@ frame_needed = 0, uses_anonymous_args = 0
 849              		.loc 1 176 1 is_stmt 0 view .LVU232
 850 0000 2DE9F041 		push	{r4, r5, r6, r7, r8, lr}
 851              	.LCFI7:
 852              		.cfi_def_cfa_offset 24
 853              		.cfi_offset 4, -24
 854              		.cfi_offset 5, -20
 855              		.cfi_offset 6, -16
 856              		.cfi_offset 7, -12
 857              		.cfi_offset 8, -8
 858              		.cfi_offset 14, -4
 859 0004 0746     		mov	r7, r0
 860 0006 0E46     		mov	r6, r1
 861 0008 1446     		mov	r4, r2
 862 000a 1D46     		mov	r5, r3
 177:Core/Src/fm_ring_buffer.c **** 	int startStringLength = strlen (startString);
 863              		.loc 1 177 2 is_stmt 1 view .LVU233
 864              		.loc 1 177 26 is_stmt 0 view .LVU234
 865 000c FFF7FEFF 		bl	strlen
 866              	.LVL63:
 867              		.loc 1 177 26 view .LVU235
 868 0010 8046     		mov	r8, r0
 869              	.LVL64:
 178:Core/Src/fm_ring_buffer.c **** 	int endStringLength   = strlen (endString);
 870              		.loc 1 178 2 is_stmt 1 view .LVU236
 871              		.loc 1 178 26 is_stmt 0 view .LVU237
 872 0012 3046     		mov	r0, r6
 873              	.LVL65:
 874              		.loc 1 178 26 view .LVU238
 875 0014 FFF7FEFF 		bl	strlen
 876              	.LVL66:
 179:Core/Src/fm_ring_buffer.c **** 	int so_far = 0;
 877              		.loc 1 179 2 is_stmt 1 view .LVU239
 180:Core/Src/fm_ring_buffer.c **** 	int indx = 0;
 878              		.loc 1 180 2 view .LVU240
 181:Core/Src/fm_ring_buffer.c **** 	int startposition = 0;
 879              		.loc 1 181 2 view .LVU241
 182:Core/Src/fm_ring_buffer.c **** 	int endposition = 0;
 880              		.loc 1 182 2 view .LVU242
 180:Core/Src/fm_ring_buffer.c **** 	int indx = 0;
 881              		.loc 1 180 6 is_stmt 0 view .LVU243
 882 0018 4FF0000C 		mov	ip, #0
 883 001c 0EE0     		b	.L74
 884              	.LVL67:
 885              	.L89:
 180:Core/Src/fm_ring_buffer.c **** 	int indx = 0;
 886              		.loc 1 180 6 view .LVU244
 887 001e 4FF0000E 		mov	lr, #0
 888 0022 03E0     		b	.L77
 889              	.LVL68:
 890              	.L78:
ARM GAS  C:\Users\CDP~1.DAR\AppData\Local\Temp\cccURhSn.s 			page 21


 183:Core/Src/fm_ring_buffer.c **** 
 184:Core/Src/fm_ring_buffer.c **** repeat1:
 185:Core/Src/fm_ring_buffer.c **** 	while (startString[so_far] != buffertocopyfrom[indx]) indx++;
 186:Core/Src/fm_ring_buffer.c **** 	if (startString[so_far] == buffertocopyfrom[indx])
 187:Core/Src/fm_ring_buffer.c **** 	{
 188:Core/Src/fm_ring_buffer.c **** 		while (startString[so_far] == buffertocopyfrom[indx])
 189:Core/Src/fm_ring_buffer.c **** 		{
 190:Core/Src/fm_ring_buffer.c **** 			so_far++;
 891              		.loc 1 190 4 is_stmt 1 view .LVU245
 892              		.loc 1 190 10 is_stmt 0 view .LVU246
 893 0024 0EF1010E 		add	lr, lr, #1
 894              	.LVL69:
 191:Core/Src/fm_ring_buffer.c **** 			indx++;
 895              		.loc 1 191 4 is_stmt 1 view .LVU247
 896              		.loc 1 191 8 is_stmt 0 view .LVU248
 897 0028 0CF1010C 		add	ip, ip, #1
 898              	.LVL70:
 899              	.L77:
 188:Core/Src/fm_ring_buffer.c **** 		{
 900              		.loc 1 188 30 is_stmt 1 view .LVU249
 188:Core/Src/fm_ring_buffer.c **** 		{
 901              		.loc 1 188 21 is_stmt 0 view .LVU250
 902 002c 17F80E20 		ldrb	r2, [r7, lr]	@ zero_extendqisi2
 188:Core/Src/fm_ring_buffer.c **** 		{
 903              		.loc 1 188 49 view .LVU251
 904 0030 14F80C30 		ldrb	r3, [r4, ip]	@ zero_extendqisi2
 188:Core/Src/fm_ring_buffer.c **** 		{
 905              		.loc 1 188 30 view .LVU252
 906 0034 9A42     		cmp	r2, r3
 907 0036 F5D0     		beq	.L78
 192:Core/Src/fm_ring_buffer.c **** 		}
 193:Core/Src/fm_ring_buffer.c **** 	}
 194:Core/Src/fm_ring_buffer.c **** 
 195:Core/Src/fm_ring_buffer.c **** 	if (so_far == startStringLength) startposition = indx;
 908              		.loc 1 195 2 is_stmt 1 view .LVU253
 909              		.loc 1 195 5 is_stmt 0 view .LVU254
 910 0038 C645     		cmp	lr, r8
 911 003a 10D0     		beq	.L88
 912              	.L75:
 913              	.LVL71:
 914              	.L74:
 185:Core/Src/fm_ring_buffer.c **** 	if (startString[so_far] == buffertocopyfrom[indx])
 915              		.loc 1 185 29 is_stmt 1 discriminator 1 view .LVU255
 185:Core/Src/fm_ring_buffer.c **** 	if (startString[so_far] == buffertocopyfrom[indx])
 916              		.loc 1 185 20 is_stmt 0 discriminator 1 view .LVU256
 917 003c 3A78     		ldrb	r2, [r7]	@ zero_extendqisi2
 185:Core/Src/fm_ring_buffer.c **** 	if (startString[so_far] == buffertocopyfrom[indx])
 918              		.loc 1 185 48 discriminator 1 view .LVU257
 919 003e 14F80C30 		ldrb	r3, [r4, ip]	@ zero_extendqisi2
 185:Core/Src/fm_ring_buffer.c **** 	if (startString[so_far] == buffertocopyfrom[indx])
 920              		.loc 1 185 29 discriminator 1 view .LVU258
 921 0042 9A42     		cmp	r2, r3
 922 0044 EBD0     		beq	.L89
 185:Core/Src/fm_ring_buffer.c **** 	if (startString[so_far] == buffertocopyfrom[indx])
 923              		.loc 1 185 56 is_stmt 1 discriminator 2 view .LVU259
 185:Core/Src/fm_ring_buffer.c **** 	if (startString[so_far] == buffertocopyfrom[indx])
 924              		.loc 1 185 60 is_stmt 0 discriminator 2 view .LVU260
ARM GAS  C:\Users\CDP~1.DAR\AppData\Local\Temp\cccURhSn.s 			page 22


 925 0046 0CF1010C 		add	ip, ip, #1
 926              	.LVL72:
 185:Core/Src/fm_ring_buffer.c **** 	if (startString[so_far] == buffertocopyfrom[indx])
 927              		.loc 1 185 60 discriminator 2 view .LVU261
 928 004a F7E7     		b	.L74
 929              	.LVL73:
 930              	.L81:
 196:Core/Src/fm_ring_buffer.c **** 	else
 197:Core/Src/fm_ring_buffer.c **** 	{
 198:Core/Src/fm_ring_buffer.c **** 		so_far =0;
 199:Core/Src/fm_ring_buffer.c **** 		goto repeat1;
 200:Core/Src/fm_ring_buffer.c **** 	}
 201:Core/Src/fm_ring_buffer.c **** 
 202:Core/Src/fm_ring_buffer.c **** 	so_far = 0;
 203:Core/Src/fm_ring_buffer.c **** 
 204:Core/Src/fm_ring_buffer.c **** repeat2:
 205:Core/Src/fm_ring_buffer.c **** 	while (endString[so_far] != buffertocopyfrom[indx]) indx++;
 931              		.loc 1 205 54 is_stmt 1 discriminator 2 view .LVU262
 932              		.loc 1 205 58 is_stmt 0 discriminator 2 view .LVU263
 933 004c 0EF1010E 		add	lr, lr, #1
 934              	.LVL74:
 935              	.L79:
 936              		.loc 1 205 27 is_stmt 1 discriminator 1 view .LVU264
 937              		.loc 1 205 18 is_stmt 0 discriminator 1 view .LVU265
 938 0050 3278     		ldrb	r2, [r6]	@ zero_extendqisi2
 939              		.loc 1 205 46 discriminator 1 view .LVU266
 940 0052 14F80E30 		ldrb	r3, [r4, lr]	@ zero_extendqisi2
 941              		.loc 1 205 27 discriminator 1 view .LVU267
 942 0056 9A42     		cmp	r2, r3
 943 0058 F8D1     		bne	.L81
 944              		.loc 1 205 27 discriminator 1 view .LVU268
 945 005a 0023     		movs	r3, #0
 946 005c 04E0     		b	.L82
 947              	.L80:
 948              	.LVL75:
 949              	.L88:
 950              		.loc 1 205 27 discriminator 1 view .LVU269
 951 005e E646     		mov	lr, ip
 952              	.LVL76:
 953              		.loc 1 205 27 discriminator 1 view .LVU270
 954 0060 F6E7     		b	.L79
 955              	.LVL77:
 956              	.L83:
 206:Core/Src/fm_ring_buffer.c **** 	if (endString[so_far] == buffertocopyfrom[indx])
 207:Core/Src/fm_ring_buffer.c **** 	{
 208:Core/Src/fm_ring_buffer.c **** 		while (endString[so_far] == buffertocopyfrom[indx])
 209:Core/Src/fm_ring_buffer.c **** 		{
 210:Core/Src/fm_ring_buffer.c **** 			so_far++;
 957              		.loc 1 210 4 is_stmt 1 view .LVU271
 958              		.loc 1 210 10 is_stmt 0 view .LVU272
 959 0062 0133     		adds	r3, r3, #1
 960              	.LVL78:
 211:Core/Src/fm_ring_buffer.c **** 			indx++;
 961              		.loc 1 211 4 is_stmt 1 view .LVU273
 962              		.loc 1 211 8 is_stmt 0 view .LVU274
 963 0064 0EF1010E 		add	lr, lr, #1
 964              	.LVL79:
ARM GAS  C:\Users\CDP~1.DAR\AppData\Local\Temp\cccURhSn.s 			page 23


 965              	.L82:
 208:Core/Src/fm_ring_buffer.c **** 		{
 966              		.loc 1 208 28 is_stmt 1 view .LVU275
 208:Core/Src/fm_ring_buffer.c **** 		{
 967              		.loc 1 208 19 is_stmt 0 view .LVU276
 968 0068 F15C     		ldrb	r1, [r6, r3]	@ zero_extendqisi2
 208:Core/Src/fm_ring_buffer.c **** 		{
 969              		.loc 1 208 47 view .LVU277
 970 006a 14F80E20 		ldrb	r2, [r4, lr]	@ zero_extendqisi2
 208:Core/Src/fm_ring_buffer.c **** 		{
 971              		.loc 1 208 28 view .LVU278
 972 006e 9142     		cmp	r1, r2
 973 0070 F7D0     		beq	.L83
 212:Core/Src/fm_ring_buffer.c **** 		}
 213:Core/Src/fm_ring_buffer.c **** 	}
 214:Core/Src/fm_ring_buffer.c **** 
 215:Core/Src/fm_ring_buffer.c **** 	if (so_far == endStringLength) endposition = indx-endStringLength;
 974              		.loc 1 215 2 is_stmt 1 view .LVU279
 975              		.loc 1 215 5 is_stmt 0 view .LVU280
 976 0072 8342     		cmp	r3, r0
 977 0074 ECD1     		bne	.L79
 978              		.loc 1 215 33 is_stmt 1 discriminator 1 view .LVU281
 979              		.loc 1 215 45 is_stmt 0 discriminator 1 view .LVU282
 980 0076 AEEB000E 		sub	lr, lr, r0
 981              	.LVL80:
 216:Core/Src/fm_ring_buffer.c **** 	else
 217:Core/Src/fm_ring_buffer.c **** 	{
 218:Core/Src/fm_ring_buffer.c **** 		so_far =0;
 219:Core/Src/fm_ring_buffer.c **** 		goto repeat2;
 220:Core/Src/fm_ring_buffer.c **** 	}
 221:Core/Src/fm_ring_buffer.c **** 
 222:Core/Src/fm_ring_buffer.c **** 	so_far = 0;
 982              		.loc 1 222 2 is_stmt 1 view .LVU283
 223:Core/Src/fm_ring_buffer.c **** 	indx=0;
 983              		.loc 1 223 2 view .LVU284
 224:Core/Src/fm_ring_buffer.c **** 
 225:Core/Src/fm_ring_buffer.c **** 	for (int i=startposition; i<endposition; i++)
 984              		.loc 1 225 2 view .LVU285
 985              	.LBB8:
 986              		.loc 1 225 7 view .LVU286
 987              		.loc 1 225 7 is_stmt 0 view .LVU287
 988              	.LBE8:
 223:Core/Src/fm_ring_buffer.c **** 	indx=0;
 989              		.loc 1 223 6 view .LVU288
 990 007a 0023     		movs	r3, #0
 991              	.LBB9:
 992              		.loc 1 225 2 view .LVU289
 993 007c 05E0     		b	.L84
 994              	.LVL81:
 995              	.L85:
 226:Core/Src/fm_ring_buffer.c **** 	{
 227:Core/Src/fm_ring_buffer.c **** 		buffertocopyinto[indx] = buffertocopyfrom[i];
 996              		.loc 1 227 3 is_stmt 1 view .LVU290
 997              		.loc 1 227 44 is_stmt 0 view .LVU291
 998 007e 14F80C20 		ldrb	r2, [r4, ip]	@ zero_extendqisi2
 999              		.loc 1 227 26 view .LVU292
 1000 0082 EA54     		strb	r2, [r5, r3]
ARM GAS  C:\Users\CDP~1.DAR\AppData\Local\Temp\cccURhSn.s 			page 24


 228:Core/Src/fm_ring_buffer.c **** 		indx++;
 1001              		.loc 1 228 3 is_stmt 1 view .LVU293
 1002              		.loc 1 228 7 is_stmt 0 view .LVU294
 1003 0084 0133     		adds	r3, r3, #1
 1004              	.LVL82:
 225:Core/Src/fm_ring_buffer.c **** 	{
 1005              		.loc 1 225 44 is_stmt 1 discriminator 3 view .LVU295
 1006 0086 0CF1010C 		add	ip, ip, #1
 1007              	.LVL83:
 1008              	.L84:
 225:Core/Src/fm_ring_buffer.c **** 	{
 1009              		.loc 1 225 29 discriminator 1 view .LVU296
 1010 008a F445     		cmp	ip, lr
 1011 008c F7DB     		blt	.L85
 225:Core/Src/fm_ring_buffer.c **** 	{
 1012              		.loc 1 225 29 is_stmt 0 discriminator 1 view .LVU297
 1013              	.LBE9:
 229:Core/Src/fm_ring_buffer.c **** 	}
 230:Core/Src/fm_ring_buffer.c **** }
 1014              		.loc 1 230 1 view .LVU298
 1015 008e BDE8F081 		pop	{r4, r5, r6, r7, r8, pc}
 1016              		.loc 1 230 1 view .LVU299
 1017              		.cfi_endproc
 1018              	.LFE79:
 1020              		.section	.text.Copy_upto,"ax",%progbits
 1021              		.align	1
 1022              		.global	Copy_upto
 1023              		.syntax unified
 1024              		.thumb
 1025              		.thumb_func
 1027              	Copy_upto:
 1028              	.LVL84:
 1029              	.LFB80:
 231:Core/Src/fm_ring_buffer.c **** 
 232:Core/Src/fm_ring_buffer.c **** int Copy_upto (char *string, char *buffertocopyinto)
 233:Core/Src/fm_ring_buffer.c **** {
 1030              		.loc 1 233 1 is_stmt 1 view -0
 1031              		.cfi_startproc
 1032              		@ args = 0, pretend = 0, frame = 0
 1033              		@ frame_needed = 0, uses_anonymous_args = 0
 1034              		.loc 1 233 1 is_stmt 0 view .LVU301
 1035 0000 2DE9F843 		push	{r3, r4, r5, r6, r7, r8, r9, lr}
 1036              	.LCFI8:
 1037              		.cfi_def_cfa_offset 32
 1038              		.cfi_offset 3, -32
 1039              		.cfi_offset 4, -28
 1040              		.cfi_offset 5, -24
 1041              		.cfi_offset 6, -20
 1042              		.cfi_offset 7, -16
 1043              		.cfi_offset 8, -12
 1044              		.cfi_offset 9, -8
 1045              		.cfi_offset 14, -4
 1046 0004 0646     		mov	r6, r0
 1047 0006 0F46     		mov	r7, r1
 234:Core/Src/fm_ring_buffer.c **** 	int so_far =0;
 1048              		.loc 1 234 2 is_stmt 1 view .LVU302
 1049              	.LVL85:
ARM GAS  C:\Users\CDP~1.DAR\AppData\Local\Temp\cccURhSn.s 			page 25


 235:Core/Src/fm_ring_buffer.c **** 	int len = strlen (string);
 1050              		.loc 1 235 2 view .LVU303
 1051              		.loc 1 235 12 is_stmt 0 view .LVU304
 1052 0008 FFF7FEFF 		bl	strlen
 1053              	.LVL86:
 1054              		.loc 1 235 12 view .LVU305
 1055 000c 8046     		mov	r8, r0
 1056              	.LVL87:
 236:Core/Src/fm_ring_buffer.c **** 	int indx = 0;
 1057              		.loc 1 236 2 is_stmt 1 view .LVU306
 1058              		.loc 1 236 6 is_stmt 0 view .LVU307
 1059 000e 4FF00009 		mov	r9, #0
 1060 0012 14E0     		b	.L91
 1061              	.LVL88:
 1062              	.L94:
 237:Core/Src/fm_ring_buffer.c **** 
 238:Core/Src/fm_ring_buffer.c **** again:
 239:Core/Src/fm_ring_buffer.c **** 	while (FM_RBuffer_Peek() != string[so_far])
 240:Core/Src/fm_ring_buffer.c **** 		{
 241:Core/Src/fm_ring_buffer.c **** 			buffertocopyinto[indx] = __RX_RBuffer->fm_buffer[__RX_RBuffer->tail];
 1063              		.loc 1 241 4 is_stmt 1 view .LVU308
 1064              		.loc 1 241 41 is_stmt 0 view .LVU309
 1065 0014 214B     		ldr	r3, .L104
 1066 0016 1A68     		ldr	r2, [r3]
 1067              		.loc 1 241 65 view .LVU310
 1068 0018 D2F88410 		ldr	r1, [r2, #132]
 1069              		.loc 1 241 52 view .LVU311
 1070 001c 525C     		ldrb	r2, [r2, r1]	@ zero_extendqisi2
 1071              		.loc 1 241 27 view .LVU312
 1072 001e 07F80920 		strb	r2, [r7, r9]
 242:Core/Src/fm_ring_buffer.c **** 			__RX_RBuffer->tail = (unsigned int)(__RX_RBuffer->tail + 1) % FM_UART2_BUFFER_SIZE;
 1073              		.loc 1 242 4 is_stmt 1 view .LVU313
 1074              		.loc 1 242 52 is_stmt 0 view .LVU314
 1075 0022 1A68     		ldr	r2, [r3]
 1076 0024 D2F88430 		ldr	r3, [r2, #132]
 1077              		.loc 1 242 25 view .LVU315
 1078 0028 0133     		adds	r3, r3, #1
 1079              		.loc 1 242 64 view .LVU316
 1080 002a 03F07F03 		and	r3, r3, #127
 1081              		.loc 1 242 23 view .LVU317
 1082 002e C2F88430 		str	r3, [r2, #132]
 243:Core/Src/fm_ring_buffer.c **** 			indx++;
 1083              		.loc 1 243 4 is_stmt 1 view .LVU318
 1084              		.loc 1 243 8 is_stmt 0 view .LVU319
 1085 0032 09F10109 		add	r9, r9, #1
 1086              	.LVL89:
 244:Core/Src/fm_ring_buffer.c **** 			while (!FM_RBuffer_Checking_Data_Is_Available());
 1087              		.loc 1 244 4 is_stmt 1 view .LVU320
 1088              	.L92:
 1089              		.loc 1 244 11 discriminator 1 view .LVU321
 1090              		.loc 1 244 12 is_stmt 0 discriminator 1 view .LVU322
 1091 0036 FFF7FEFF 		bl	FM_RBuffer_Checking_Data_Is_Available
 1092              	.LVL90:
 1093              		.loc 1 244 11 discriminator 1 view .LVU323
 1094 003a 0028     		cmp	r0, #0
 1095 003c FBD0     		beq	.L92
 1096              	.L93:
ARM GAS  C:\Users\CDP~1.DAR\AppData\Local\Temp\cccURhSn.s 			page 26


 1097              	.LVL91:
 1098              	.L91:
 239:Core/Src/fm_ring_buffer.c **** 		{
 1099              		.loc 1 239 27 is_stmt 1 view .LVU324
 239:Core/Src/fm_ring_buffer.c **** 		{
 1100              		.loc 1 239 9 is_stmt 0 view .LVU325
 1101 003e FFF7FEFF 		bl	FM_RBuffer_Peek
 1102              	.LVL92:
 239:Core/Src/fm_ring_buffer.c **** 		{
 1103              		.loc 1 239 27 discriminator 1 view .LVU326
 1104 0042 3378     		ldrb	r3, [r6]	@ zero_extendqisi2
 1105 0044 8342     		cmp	r3, r0
 1106 0046 E5D1     		bne	.L94
 1107 0048 0024     		movs	r4, #0
 1108 004a 03E0     		b	.L95
 1109              	.LVL93:
 1110              	.L97:
 245:Core/Src/fm_ring_buffer.c **** 
 246:Core/Src/fm_ring_buffer.c **** 		}
 247:Core/Src/fm_ring_buffer.c **** 	while (FM_RBuffer_Peek() == string [so_far])
 248:Core/Src/fm_ring_buffer.c **** 	{
 249:Core/Src/fm_ring_buffer.c **** 		so_far++;
 250:Core/Src/fm_ring_buffer.c **** 		buffertocopyinto[indx++] = FM_RBuffer_Receive_Data();
 251:Core/Src/fm_ring_buffer.c **** 		if (so_far == len) return 1;
 252:Core/Src/fm_ring_buffer.c **** 		FM_RBUFFER_TIMEOUT = FM_RBUFFER_TIMEOUT_DEF;
 253:Core/Src/fm_ring_buffer.c **** 		while ((!FM_RBuffer_Checking_Data_Is_Available())&&FM_RBUFFER_TIMEOUT);
 254:Core/Src/fm_ring_buffer.c **** 		if (FM_RBUFFER_TIMEOUT == 0) return 0;
 1111              		.loc 1 254 3 is_stmt 1 view .LVU327
 1112              		.loc 1 254 26 is_stmt 0 view .LVU328
 1113 004c 144B     		ldr	r3, .L104+4
 1114 004e 1B88     		ldrh	r3, [r3]
 1115              		.loc 1 254 6 view .LVU329
 1116 0050 13B3     		cbz	r3, .L101
 250:Core/Src/fm_ring_buffer.c **** 		if (so_far == len) return 1;
 1117              		.loc 1 250 24 view .LVU330
 1118 0052 A946     		mov	r9, r5
 1119              	.LVL94:
 1120              	.L95:
 247:Core/Src/fm_ring_buffer.c **** 	{
 1121              		.loc 1 247 27 is_stmt 1 view .LVU331
 247:Core/Src/fm_ring_buffer.c **** 	{
 1122              		.loc 1 247 9 is_stmt 0 view .LVU332
 1123 0054 FFF7FEFF 		bl	FM_RBuffer_Peek
 1124              	.LVL95:
 247:Core/Src/fm_ring_buffer.c **** 	{
 1125              		.loc 1 247 27 discriminator 1 view .LVU333
 1126 0058 335D     		ldrb	r3, [r6, r4]	@ zero_extendqisi2
 1127 005a 8342     		cmp	r3, r0
 1128 005c 15D1     		bne	.L103
 249:Core/Src/fm_ring_buffer.c **** 		buffertocopyinto[indx++] = FM_RBuffer_Receive_Data();
 1129              		.loc 1 249 3 is_stmt 1 view .LVU334
 249:Core/Src/fm_ring_buffer.c **** 		buffertocopyinto[indx++] = FM_RBuffer_Receive_Data();
 1130              		.loc 1 249 9 is_stmt 0 view .LVU335
 1131 005e 0134     		adds	r4, r4, #1
 1132              	.LVL96:
 250:Core/Src/fm_ring_buffer.c **** 		if (so_far == len) return 1;
 1133              		.loc 1 250 3 is_stmt 1 view .LVU336
ARM GAS  C:\Users\CDP~1.DAR\AppData\Local\Temp\cccURhSn.s 			page 27


 250:Core/Src/fm_ring_buffer.c **** 		if (so_far == len) return 1;
 1134              		.loc 1 250 24 is_stmt 0 view .LVU337
 1135 0060 09F10105 		add	r5, r9, #1
 1136              	.LVL97:
 250:Core/Src/fm_ring_buffer.c **** 		if (so_far == len) return 1;
 1137              		.loc 1 250 30 view .LVU338
 1138 0064 FFF7FEFF 		bl	FM_RBuffer_Receive_Data
 1139              	.LVL98:
 250:Core/Src/fm_ring_buffer.c **** 		if (so_far == len) return 1;
 1140              		.loc 1 250 28 discriminator 1 view .LVU339
 1141 0068 07F80900 		strb	r0, [r7, r9]
 251:Core/Src/fm_ring_buffer.c **** 		FM_RBUFFER_TIMEOUT = FM_RBUFFER_TIMEOUT_DEF;
 1142              		.loc 1 251 3 is_stmt 1 view .LVU340
 251:Core/Src/fm_ring_buffer.c **** 		FM_RBUFFER_TIMEOUT = FM_RBUFFER_TIMEOUT_DEF;
 1143              		.loc 1 251 6 is_stmt 0 view .LVU341
 1144 006c A045     		cmp	r8, r4
 1145 006e 10D0     		beq	.L100
 252:Core/Src/fm_ring_buffer.c **** 		while ((!FM_RBuffer_Checking_Data_Is_Available())&&FM_RBUFFER_TIMEOUT);
 1146              		.loc 1 252 3 is_stmt 1 view .LVU342
 252:Core/Src/fm_ring_buffer.c **** 		while ((!FM_RBuffer_Checking_Data_Is_Available())&&FM_RBUFFER_TIMEOUT);
 1147              		.loc 1 252 22 is_stmt 0 view .LVU343
 1148 0070 0B4B     		ldr	r3, .L104+4
 1149 0072 4FF4FA72 		mov	r2, #500
 1150 0076 1A80     		strh	r2, [r3]	@ movhi
 253:Core/Src/fm_ring_buffer.c **** 		if (FM_RBUFFER_TIMEOUT == 0) return 0;
 1151              		.loc 1 253 3 is_stmt 1 view .LVU344
 1152              	.L98:
 253:Core/Src/fm_ring_buffer.c **** 		if (FM_RBUFFER_TIMEOUT == 0) return 0;
 1153              		.loc 1 253 52 discriminator 2 view .LVU345
 253:Core/Src/fm_ring_buffer.c **** 		if (FM_RBUFFER_TIMEOUT == 0) return 0;
 1154              		.loc 1 253 12 is_stmt 0 discriminator 2 view .LVU346
 1155 0078 FFF7FEFF 		bl	FM_RBuffer_Checking_Data_Is_Available
 1156              	.LVL99:
 253:Core/Src/fm_ring_buffer.c **** 		if (FM_RBUFFER_TIMEOUT == 0) return 0;
 1157              		.loc 1 253 52 discriminator 2 view .LVU347
 1158 007c 0028     		cmp	r0, #0
 1159 007e E5D1     		bne	.L97
 253:Core/Src/fm_ring_buffer.c **** 		if (FM_RBUFFER_TIMEOUT == 0) return 0;
 1160              		.loc 1 253 52 discriminator 1 view .LVU348
 1161 0080 074B     		ldr	r3, .L104+4
 1162 0082 1B88     		ldrh	r3, [r3]
 1163 0084 002B     		cmp	r3, #0
 1164 0086 F7D1     		bne	.L98
 1165 0088 E0E7     		b	.L97
 1166              	.LVL100:
 1167              	.L103:
 255:Core/Src/fm_ring_buffer.c **** 	}
 256:Core/Src/fm_ring_buffer.c **** 
 257:Core/Src/fm_ring_buffer.c **** 	if (so_far != len)
 1168              		.loc 1 257 2 is_stmt 1 view .LVU349
 1169              		.loc 1 257 5 is_stmt 0 view .LVU350
 1170 008a 4445     		cmp	r4, r8
 1171 008c D7D1     		bne	.L91
 258:Core/Src/fm_ring_buffer.c **** 	{
 259:Core/Src/fm_ring_buffer.c **** 		so_far = 0;
 260:Core/Src/fm_ring_buffer.c **** 		goto again;
 261:Core/Src/fm_ring_buffer.c **** 	}
ARM GAS  C:\Users\CDP~1.DAR\AppData\Local\Temp\cccURhSn.s 			page 28


 262:Core/Src/fm_ring_buffer.c **** 
 263:Core/Src/fm_ring_buffer.c **** 	if (so_far == len) return 1;
 1172              		.loc 1 263 28 discriminator 1 view .LVU351
 1173 008e 0120     		movs	r0, #1
 1174 0090 00E0     		b	.L90
 1175              	.LVL101:
 1176              	.L100:
 251:Core/Src/fm_ring_buffer.c **** 		FM_RBUFFER_TIMEOUT = FM_RBUFFER_TIMEOUT_DEF;
 1177              		.loc 1 251 29 discriminator 1 view .LVU352
 1178 0092 0120     		movs	r0, #1
 1179              	.LVL102:
 1180              	.L90:
 264:Core/Src/fm_ring_buffer.c **** 	else return 0;
 265:Core/Src/fm_ring_buffer.c **** }
 1181              		.loc 1 265 1 view .LVU353
 1182 0094 BDE8F883 		pop	{r3, r4, r5, r6, r7, r8, r9, pc}
 1183              	.LVL103:
 1184              	.L101:
 254:Core/Src/fm_ring_buffer.c **** 	}
 1185              		.loc 1 254 39 discriminator 1 view .LVU354
 1186 0098 0020     		movs	r0, #0
 1187 009a FBE7     		b	.L90
 1188              	.L105:
 1189              		.align	2
 1190              	.L104:
 1191 009c 00000000 		.word	__RX_RBuffer
 1192 00a0 00000000 		.word	FM_RBUFFER_TIMEOUT
 1193              		.cfi_endproc
 1194              	.LFE80:
 1196              		.section	.text.Uart_sendstring,"ax",%progbits
 1197              		.align	1
 1198              		.global	Uart_sendstring
 1199              		.syntax unified
 1200              		.thumb
 1201              		.thumb_func
 1203              	Uart_sendstring:
 1204              	.LVL104:
 1205              	.LFB81:
 266:Core/Src/fm_ring_buffer.c **** 
 267:Core/Src/fm_ring_buffer.c **** void Uart_sendstring (const char *s)
 268:Core/Src/fm_ring_buffer.c **** {
 1206              		.loc 1 268 1 is_stmt 1 view -0
 1207              		.cfi_startproc
 1208              		@ args = 0, pretend = 0, frame = 0
 1209              		@ frame_needed = 0, uses_anonymous_args = 0
 1210              		.loc 1 268 1 is_stmt 0 view .LVU356
 1211 0000 10B5     		push	{r4, lr}
 1212              	.LCFI9:
 1213              		.cfi_def_cfa_offset 8
 1214              		.cfi_offset 4, -8
 1215              		.cfi_offset 14, -4
 1216 0002 0446     		mov	r4, r0
 269:Core/Src/fm_ring_buffer.c **** 	while(*s) FM_RBuffer_Write_Data(*s++);
 1217              		.loc 1 269 2 is_stmt 1 view .LVU357
 1218              		.loc 1 269 7 is_stmt 0 view .LVU358
 1219 0004 02E0     		b	.L107
 1220              	.LVL105:
ARM GAS  C:\Users\CDP~1.DAR\AppData\Local\Temp\cccURhSn.s 			page 29


 1221              	.L108:
 1222              		.loc 1 269 12 is_stmt 1 discriminator 2 view .LVU359
 1223              		.loc 1 269 36 is_stmt 0 discriminator 2 view .LVU360
 1224 0006 0134     		adds	r4, r4, #1
 1225              	.LVL106:
 1226              		.loc 1 269 12 discriminator 2 view .LVU361
 1227 0008 FFF7FEFF 		bl	FM_RBuffer_Write_Data
 1228              	.LVL107:
 1229              	.L107:
 1230              		.loc 1 269 8 is_stmt 1 discriminator 1 view .LVU362
 1231 000c 2078     		ldrb	r0, [r4]	@ zero_extendqisi2
 1232 000e 0028     		cmp	r0, #0
 1233 0010 F9D1     		bne	.L108
 270:Core/Src/fm_ring_buffer.c **** }
 1234              		.loc 1 270 1 is_stmt 0 view .LVU363
 1235 0012 10BD     		pop	{r4, pc}
 1236              		.loc 1 270 1 view .LVU364
 1237              		.cfi_endproc
 1238              	.LFE81:
 1240              		.section	.text.Get_after,"ax",%progbits
 1241              		.align	1
 1242              		.global	Get_after
 1243              		.syntax unified
 1244              		.thumb
 1245              		.thumb_func
 1247              	Get_after:
 1248              	.LVL108:
 1249              	.LFB82:
 271:Core/Src/fm_ring_buffer.c **** 
 272:Core/Src/fm_ring_buffer.c **** int Get_after (char *string, uint8_t numberofchars, char *buffertosave)
 273:Core/Src/fm_ring_buffer.c **** {
 1250              		.loc 1 273 1 is_stmt 1 view -0
 1251              		.cfi_startproc
 1252              		@ args = 0, pretend = 0, frame = 0
 1253              		@ frame_needed = 0, uses_anonymous_args = 0
 1254              		.loc 1 273 1 is_stmt 0 view .LVU366
 1255 0000 70B5     		push	{r4, r5, r6, lr}
 1256              	.LCFI10:
 1257              		.cfi_def_cfa_offset 16
 1258              		.cfi_offset 4, -16
 1259              		.cfi_offset 5, -12
 1260              		.cfi_offset 6, -8
 1261              		.cfi_offset 14, -4
 1262 0002 0D46     		mov	r5, r1
 1263 0004 1646     		mov	r6, r2
 274:Core/Src/fm_ring_buffer.c **** 	for (int indx=0; indx<numberofchars; indx++)
 1264              		.loc 1 274 2 is_stmt 1 view .LVU367
 1265              	.LBB10:
 1266              		.loc 1 274 7 view .LVU368
 1267              	.LVL109:
 1268              		.loc 1 274 11 is_stmt 0 view .LVU369
 1269 0006 0024     		movs	r4, #0
 1270              		.loc 1 274 2 view .LVU370
 1271 0008 06E0     		b	.L111
 1272              	.LVL110:
 1273              	.L112:
 275:Core/Src/fm_ring_buffer.c **** 	{
ARM GAS  C:\Users\CDP~1.DAR\AppData\Local\Temp\cccURhSn.s 			page 30


 276:Core/Src/fm_ring_buffer.c **** 		FM_RBUFFER_TIMEOUT = FM_RBUFFER_TIMEOUT_DEF;
 277:Core/Src/fm_ring_buffer.c **** 		while ((!FM_RBuffer_Checking_Data_Is_Available())&&FM_RBUFFER_TIMEOUT);  // wait until some data 
 278:Core/Src/fm_ring_buffer.c **** 		if (FM_RBUFFER_TIMEOUT == 0) return 0;  // if data isn't available within time, then return 0
 1274              		.loc 1 278 3 is_stmt 1 view .LVU371
 1275              		.loc 1 278 26 is_stmt 0 view .LVU372
 1276 000a 0D4B     		ldr	r3, .L119
 1277 000c 1B88     		ldrh	r3, [r3]
 1278              		.loc 1 278 6 view .LVU373
 1279 000e A3B1     		cbz	r3, .L116
 279:Core/Src/fm_ring_buffer.c **** 		buffertosave[indx] = FM_RBuffer_Receive_Data();  // save the data into the buffer... increments t
 1280              		.loc 1 279 3 is_stmt 1 view .LVU374
 1281              		.loc 1 279 24 is_stmt 0 view .LVU375
 1282 0010 FFF7FEFF 		bl	FM_RBuffer_Receive_Data
 1283              	.LVL111:
 1284              		.loc 1 279 22 discriminator 1 view .LVU376
 1285 0014 3055     		strb	r0, [r6, r4]
 274:Core/Src/fm_ring_buffer.c **** 	for (int indx=0; indx<numberofchars; indx++)
 1286              		.loc 1 274 43 is_stmt 1 discriminator 2 view .LVU377
 1287 0016 0134     		adds	r4, r4, #1
 1288              	.LVL112:
 1289              	.L111:
 274:Core/Src/fm_ring_buffer.c **** 	for (int indx=0; indx<numberofchars; indx++)
 1290              		.loc 1 274 23 discriminator 1 view .LVU378
 1291 0018 A542     		cmp	r5, r4
 1292 001a 0CDD     		ble	.L118
 276:Core/Src/fm_ring_buffer.c **** 		while ((!FM_RBuffer_Checking_Data_Is_Available())&&FM_RBUFFER_TIMEOUT);  // wait until some data 
 1293              		.loc 1 276 3 view .LVU379
 276:Core/Src/fm_ring_buffer.c **** 		while ((!FM_RBuffer_Checking_Data_Is_Available())&&FM_RBUFFER_TIMEOUT);  // wait until some data 
 1294              		.loc 1 276 22 is_stmt 0 view .LVU380
 1295 001c 084B     		ldr	r3, .L119
 1296 001e 4FF4FA72 		mov	r2, #500
 1297 0022 1A80     		strh	r2, [r3]	@ movhi
 277:Core/Src/fm_ring_buffer.c **** 		if (FM_RBUFFER_TIMEOUT == 0) return 0;  // if data isn't available within time, then return 0
 1298              		.loc 1 277 3 is_stmt 1 view .LVU381
 1299              	.L113:
 277:Core/Src/fm_ring_buffer.c **** 		if (FM_RBUFFER_TIMEOUT == 0) return 0;  // if data isn't available within time, then return 0
 1300              		.loc 1 277 52 discriminator 2 view .LVU382
 277:Core/Src/fm_ring_buffer.c **** 		if (FM_RBUFFER_TIMEOUT == 0) return 0;  // if data isn't available within time, then return 0
 1301              		.loc 1 277 12 is_stmt 0 discriminator 2 view .LVU383
 1302 0024 FFF7FEFF 		bl	FM_RBuffer_Checking_Data_Is_Available
 1303              	.LVL113:
 277:Core/Src/fm_ring_buffer.c **** 		if (FM_RBUFFER_TIMEOUT == 0) return 0;  // if data isn't available within time, then return 0
 1304              		.loc 1 277 52 discriminator 2 view .LVU384
 1305 0028 0028     		cmp	r0, #0
 1306 002a EED1     		bne	.L112
 277:Core/Src/fm_ring_buffer.c **** 		if (FM_RBUFFER_TIMEOUT == 0) return 0;  // if data isn't available within time, then return 0
 1307              		.loc 1 277 52 discriminator 1 view .LVU385
 1308 002c 044B     		ldr	r3, .L119
 1309 002e 1B88     		ldrh	r3, [r3]
 1310 0030 002B     		cmp	r3, #0
 1311 0032 F7D1     		bne	.L113
 1312 0034 E9E7     		b	.L112
 1313              	.L118:
 1314              	.LBE10:
 280:Core/Src/fm_ring_buffer.c ****         // strcpy(buffertosave, __RX_RBuffer->fm_buffer);   
 281:Core/Src/fm_ring_buffer.c **** 	}
 282:Core/Src/fm_ring_buffer.c **** 	return 1;
ARM GAS  C:\Users\CDP~1.DAR\AppData\Local\Temp\cccURhSn.s 			page 31


 1315              		.loc 1 282 9 view .LVU386
 1316 0036 0120     		movs	r0, #1
 1317              	.L110:
 283:Core/Src/fm_ring_buffer.c **** }
 1318              		.loc 1 283 1 view .LVU387
 1319 0038 70BD     		pop	{r4, r5, r6, pc}
 1320              	.LVL114:
 1321              	.L116:
 1322              	.LBB11:
 278:Core/Src/fm_ring_buffer.c **** 		buffertosave[indx] = FM_RBuffer_Receive_Data();  // save the data into the buffer... increments t
 1323              		.loc 1 278 39 discriminator 1 view .LVU388
 1324 003a 0020     		movs	r0, #0
 1325 003c FCE7     		b	.L110
 1326              	.L120:
 1327 003e 00BF     		.align	2
 1328              	.L119:
 1329 0040 00000000 		.word	FM_RBUFFER_TIMEOUT
 1330              	.LBE11:
 1331              		.cfi_endproc
 1332              	.LFE82:
 1334              		.section	.rodata.FM_RBuffer_Copy_An_Array.str1.4,"aMS",%progbits,1
 1335              		.align	2
 1336              	.LC0:
 1337 0000 436F7069 		.ascii	"Copied string: %s\012\000"
 1337      65642073 
 1337      7472696E 
 1337      673A2025 
 1337      730A00
 1338              		.section	.text.FM_RBuffer_Copy_An_Array,"ax",%progbits
 1339              		.align	1
 1340              		.global	FM_RBuffer_Copy_An_Array
 1341              		.syntax unified
 1342              		.thumb
 1343              		.thumb_func
 1345              	FM_RBuffer_Copy_An_Array:
 1346              	.LVL115:
 1347              	.LFB83:
 284:Core/Src/fm_ring_buffer.c **** 
 285:Core/Src/fm_ring_buffer.c **** void FM_RBuffer_Copy_An_Array(char *arr1, char *arr2 ){
 1348              		.loc 1 285 55 is_stmt 1 view -0
 1349              		.cfi_startproc
 1350              		@ args = 0, pretend = 0, frame = 0
 1351              		@ frame_needed = 0, uses_anonymous_args = 0
 1352              		.loc 1 285 55 is_stmt 0 view .LVU390
 1353 0000 10B5     		push	{r4, lr}
 1354              	.LCFI11:
 1355              		.cfi_def_cfa_offset 8
 1356              		.cfi_offset 4, -8
 1357              		.cfi_offset 14, -4
 1358 0002 0446     		mov	r4, r0
 286:Core/Src/fm_ring_buffer.c **** 
 287:Core/Src/fm_ring_buffer.c ****  int n = __RX_RBuffer->fm_buffer[__RX_RBuffer->tail];
 1359              		.loc 1 287 2 is_stmt 1 view .LVU391
 1360              		.loc 1 287 22 is_stmt 0 view .LVU392
 1361 0004 054B     		ldr	r3, .L123
 1362 0006 1968     		ldr	r1, [r3]
 1363              	.LVL116:
ARM GAS  C:\Users\CDP~1.DAR\AppData\Local\Temp\cccURhSn.s 			page 32


 1364              		.loc 1 287 46 view .LVU393
 1365 0008 D1F88430 		ldr	r3, [r1, #132]
 1366              	.LVL117:
 288:Core/Src/fm_ring_buffer.c **** strcpy(arr1, __RX_RBuffer->fm_buffer);
 1367              		.loc 1 288 1 is_stmt 1 view .LVU394
 1368 000c FFF7FEFF 		bl	strcpy
 1369              	.LVL118:
 289:Core/Src/fm_ring_buffer.c ****     printf("Copied string: %s\n",arr1);
 1370              		.loc 1 289 5 view .LVU395
 1371 0010 2146     		mov	r1, r4
 1372 0012 0348     		ldr	r0, .L123+4
 1373 0014 FFF7FEFF 		bl	printf
 1374              	.LVL119:
 290:Core/Src/fm_ring_buffer.c **** }...
 1375              		.loc 1 290 1 is_stmt 0 view .LVU396
 1376 0018 10BD     		pop	{r4, pc}
 1377              	.LVL120:
 1378              	.L124:
 1379              		.loc 1 290 1 view .LVU397
 1380 001a 00BF     		.align	2
 1381              	.L123:
 1382 001c 00000000 		.word	__RX_RBuffer
 1383 0020 00000000 		.word	.LC0
 1384              		.cfi_endproc
 1385              	.LFE83:
 1387              		.global	__TX_RBuffer
 1388              		.section	.bss.__TX_RBuffer,"aw",%nobits
 1389              		.align	2
 1392              	__TX_RBuffer:
 1393 0000 00000000 		.space	4
 1394              		.global	__RX_RBuffer
 1395              		.section	.bss.__RX_RBuffer,"aw",%nobits
 1396              		.align	2
 1399              	__RX_RBuffer:
 1400 0000 00000000 		.space	4
 1401              		.global	TX_Buffer
 1402              		.section	.bss.TX_Buffer,"aw",%nobits
 1403              		.align	2
 1406              	TX_Buffer:
 1407 0000 00000000 		.space	136
 1407      00000000 
 1407      00000000 
 1407      00000000 
 1407      00000000 
 1408              		.global	RX_Buffer
 1409              		.section	.bss.RX_Buffer,"aw",%nobits
 1410              		.align	2
 1413              	RX_Buffer:
 1414 0000 00000000 		.space	136
 1414      00000000 
 1414      00000000 
 1414      00000000 
 1414      00000000 
 1415              		.global	FM_RBUFFER_TIMEOUT
 1416              		.section	.bss.FM_RBUFFER_TIMEOUT,"aw",%nobits
 1417              		.align	1
 1420              	FM_RBUFFER_TIMEOUT:
ARM GAS  C:\Users\CDP~1.DAR\AppData\Local\Temp\cccURhSn.s 			page 33


 1421 0000 0000     		.space	2
 1422              		.text
 1423              	.Letext0:
 1424              		.file 2 "C:/Program Files (x86)/Arm GNU Toolchain arm-none-eabi/13.2 Rel1/arm-none-eabi/include/ma
 1425              		.file 3 "C:/Program Files (x86)/Arm GNU Toolchain arm-none-eabi/13.2 Rel1/arm-none-eabi/include/sy
 1426              		.file 4 "Drivers/CMSIS/Device/ST/STM32F1xx/Include/stm32f103xb.h"
 1427              		.file 5 "C:/Program Files (x86)/Arm GNU Toolchain arm-none-eabi/13.2 Rel1/lib/gcc/arm-none-eabi/13
 1428              		.file 6 "Drivers/CMSIS/Device/ST/STM32F1xx/Include/stm32f1xx.h"
 1429              		.file 7 "Drivers/STM32F1xx_HAL_Driver/Inc/stm32f1xx_hal_def.h"
 1430              		.file 8 "Drivers/STM32F1xx_HAL_Driver/Inc/stm32f1xx_hal_dma.h"
 1431              		.file 9 "Drivers/STM32F1xx_HAL_Driver/Inc/stm32f1xx_hal_uart.h"
 1432              		.file 10 "Core/Inc/fm_ring_buffer.h"
 1433              		.file 11 "C:/Program Files (x86)/Arm GNU Toolchain arm-none-eabi/13.2 Rel1/arm-none-eabi/include/s
 1434              		.file 12 "C:/Program Files (x86)/Arm GNU Toolchain arm-none-eabi/13.2 Rel1/arm-none-eabi/include/s
 1435              		.file 13 "<built-in>"
ARM GAS  C:\Users\CDP~1.DAR\AppData\Local\Temp\cccURhSn.s 			page 34


DEFINED SYMBOLS
                            *ABS*:00000000 fm_ring_buffer.c
C:\Users\CDP~1.DAR\AppData\Local\Temp\cccURhSn.s:19     .text._write:00000000 $t
C:\Users\CDP~1.DAR\AppData\Local\Temp\cccURhSn.s:25     .text._write:00000000 _write
C:\Users\CDP~1.DAR\AppData\Local\Temp\cccURhSn.s:58     .text._write:00000014 $d
C:\Users\CDP~1.DAR\AppData\Local\Temp\cccURhSn.s:63     .text.FM_RBuffer_Int:00000000 $t
C:\Users\CDP~1.DAR\AppData\Local\Temp\cccURhSn.s:69     .text.FM_RBuffer_Int:00000000 FM_RBuffer_Int
C:\Users\CDP~1.DAR\AppData\Local\Temp\cccURhSn.s:101    .text.FM_RBuffer_Int:00000024 $d
C:\Users\CDP~1.DAR\AppData\Local\Temp\cccURhSn.s:1399   .bss.__RX_RBuffer:00000000 __RX_RBuffer
C:\Users\CDP~1.DAR\AppData\Local\Temp\cccURhSn.s:1413   .bss.RX_Buffer:00000000 RX_Buffer
C:\Users\CDP~1.DAR\AppData\Local\Temp\cccURhSn.s:1392   .bss.__TX_RBuffer:00000000 __TX_RBuffer
C:\Users\CDP~1.DAR\AppData\Local\Temp\cccURhSn.s:1406   .bss.TX_Buffer:00000000 TX_Buffer
C:\Users\CDP~1.DAR\AppData\Local\Temp\cccURhSn.s:110    .text.FM_RBuffer_Checking_Data_Is_Available:00000000 $t
C:\Users\CDP~1.DAR\AppData\Local\Temp\cccURhSn.s:116    .text.FM_RBuffer_Checking_Data_Is_Available:00000000 FM_RBuffer_Checking_Data_Is_Available
C:\Users\CDP~1.DAR\AppData\Local\Temp\cccURhSn.s:138    .text.FM_RBuffer_Checking_Data_Is_Available:00000014 $d
C:\Users\CDP~1.DAR\AppData\Local\Temp\cccURhSn.s:143    .text.FM_RBuffer_Store_Data:00000000 $t
C:\Users\CDP~1.DAR\AppData\Local\Temp\cccURhSn.s:149    .text.FM_RBuffer_Store_Data:00000000 FM_RBuffer_Store_Data
C:\Users\CDP~1.DAR\AppData\Local\Temp\cccURhSn.s:186    .text.FM_RBuffer_UART_ISR:00000000 $t
C:\Users\CDP~1.DAR\AppData\Local\Temp\cccURhSn.s:192    .text.FM_RBuffer_UART_ISR:00000000 FM_RBuffer_UART_ISR
C:\Users\CDP~1.DAR\AppData\Local\Temp\cccURhSn.s:310    .text.FM_RBuffer_UART_ISR:00000068 $d
C:\Users\CDP~1.DAR\AppData\Local\Temp\cccURhSn.s:316    .text.FM_RBuffer_Receive_Data:00000000 $t
C:\Users\CDP~1.DAR\AppData\Local\Temp\cccURhSn.s:322    .text.FM_RBuffer_Receive_Data:00000000 FM_RBuffer_Receive_Data
C:\Users\CDP~1.DAR\AppData\Local\Temp\cccURhSn.s:369    .text.FM_RBuffer_Receive_Data:0000002c $d
C:\Users\CDP~1.DAR\AppData\Local\Temp\cccURhSn.s:374    .text.FM_RBuffer_Peek:00000000 $t
C:\Users\CDP~1.DAR\AppData\Local\Temp\cccURhSn.s:380    .text.FM_RBuffer_Peek:00000000 FM_RBuffer_Peek
C:\Users\CDP~1.DAR\AppData\Local\Temp\cccURhSn.s:411    .text.FM_RBuffer_Peek:0000001c $d
C:\Users\CDP~1.DAR\AppData\Local\Temp\cccURhSn.s:416    .text.FM_RBuffer_Write_Data:00000000 $t
C:\Users\CDP~1.DAR\AppData\Local\Temp\cccURhSn.s:422    .text.FM_RBuffer_Write_Data:00000000 FM_RBuffer_Write_Data
C:\Users\CDP~1.DAR\AppData\Local\Temp\cccURhSn.s:476    .text.FM_RBuffer_Write_Data:00000034 $d
C:\Users\CDP~1.DAR\AppData\Local\Temp\cccURhSn.s:482    .text.Uart_printbase:00000000 $t
C:\Users\CDP~1.DAR\AppData\Local\Temp\cccURhSn.s:488    .text.Uart_printbase:00000000 Uart_printbase
C:\Users\CDP~1.DAR\AppData\Local\Temp\cccURhSn.s:606    .text.FM_RBuffer_Waiting:00000000 $t
C:\Users\CDP~1.DAR\AppData\Local\Temp\cccURhSn.s:612    .text.FM_RBuffer_Waiting:00000000 FM_RBuffer_Waiting
C:\Users\CDP~1.DAR\AppData\Local\Temp\cccURhSn.s:785    .text.FM_RBuffer_Waiting:000000b4 $d
C:\Users\CDP~1.DAR\AppData\Local\Temp\cccURhSn.s:1420   .bss.FM_RBUFFER_TIMEOUT:00000000 FM_RBUFFER_TIMEOUT
C:\Users\CDP~1.DAR\AppData\Local\Temp\cccURhSn.s:791    .text.FM_RBuffer_Erase_Buffer:00000000 $t
C:\Users\CDP~1.DAR\AppData\Local\Temp\cccURhSn.s:797    .text.FM_RBuffer_Erase_Buffer:00000000 FM_RBuffer_Erase_Buffer
C:\Users\CDP~1.DAR\AppData\Local\Temp\cccURhSn.s:831    .text.FM_RBuffer_Erase_Buffer:0000001c $d
C:\Users\CDP~1.DAR\AppData\Local\Temp\cccURhSn.s:836    .text.FM_RBuffer_Get_Data_From_Buffer:00000000 $t
C:\Users\CDP~1.DAR\AppData\Local\Temp\cccURhSn.s:842    .text.FM_RBuffer_Get_Data_From_Buffer:00000000 FM_RBuffer_Get_Data_From_Buffer
C:\Users\CDP~1.DAR\AppData\Local\Temp\cccURhSn.s:1021   .text.Copy_upto:00000000 $t
C:\Users\CDP~1.DAR\AppData\Local\Temp\cccURhSn.s:1027   .text.Copy_upto:00000000 Copy_upto
C:\Users\CDP~1.DAR\AppData\Local\Temp\cccURhSn.s:1191   .text.Copy_upto:0000009c $d
C:\Users\CDP~1.DAR\AppData\Local\Temp\cccURhSn.s:1197   .text.Uart_sendstring:00000000 $t
C:\Users\CDP~1.DAR\AppData\Local\Temp\cccURhSn.s:1203   .text.Uart_sendstring:00000000 Uart_sendstring
C:\Users\CDP~1.DAR\AppData\Local\Temp\cccURhSn.s:1241   .text.Get_after:00000000 $t
C:\Users\CDP~1.DAR\AppData\Local\Temp\cccURhSn.s:1247   .text.Get_after:00000000 Get_after
C:\Users\CDP~1.DAR\AppData\Local\Temp\cccURhSn.s:1329   .text.Get_after:00000040 $d
C:\Users\CDP~1.DAR\AppData\Local\Temp\cccURhSn.s:1335   .rodata.FM_RBuffer_Copy_An_Array.str1.4:00000000 $d
C:\Users\CDP~1.DAR\AppData\Local\Temp\cccURhSn.s:1339   .text.FM_RBuffer_Copy_An_Array:00000000 $t
C:\Users\CDP~1.DAR\AppData\Local\Temp\cccURhSn.s:1345   .text.FM_RBuffer_Copy_An_Array:00000000 FM_RBuffer_Copy_An_Array
C:\Users\CDP~1.DAR\AppData\Local\Temp\cccURhSn.s:1382   .text.FM_RBuffer_Copy_An_Array:0000001c $d
C:\Users\CDP~1.DAR\AppData\Local\Temp\cccURhSn.s:1389   .bss.__TX_RBuffer:00000000 $d
C:\Users\CDP~1.DAR\AppData\Local\Temp\cccURhSn.s:1396   .bss.__RX_RBuffer:00000000 $d
C:\Users\CDP~1.DAR\AppData\Local\Temp\cccURhSn.s:1403   .bss.TX_Buffer:00000000 $d
C:\Users\CDP~1.DAR\AppData\Local\Temp\cccURhSn.s:1410   .bss.RX_Buffer:00000000 $d
C:\Users\CDP~1.DAR\AppData\Local\Temp\cccURhSn.s:1417   .bss.FM_RBUFFER_TIMEOUT:00000000 $d
ARM GAS  C:\Users\CDP~1.DAR\AppData\Local\Temp\cccURhSn.s 			page 35



UNDEFINED SYMBOLS
HAL_UART_Transmit
huart2
strlen
memset
strcpy
printf
